<?xml version="1.0" encoding="utf-8"?>
<CoverageSession xmlns:xsd="http://www.w3.org/2001/XMLSchema" xmlns:xsi="http://www.w3.org/2001/XMLSchema-instance">
  <Summary numSequencePoints="270" visitedSequencePoints="232" numBranchPoints="61" visitedBranchPoints="44" sequenceCoverage="85.93" branchCoverage="72.13" maxCyclomaticComplexity="9" minCyclomaticComplexity="1" visitedClasses="15" numClasses="23" visitedMethods="35" numMethods="47" />
  <Modules>
    <Module skippedDueTo="Filter" hash="E9-A8-6A-CC-31-FF-25-91-E6-86-F2-D5-72-EE-77-7D-AB-36-F0-0B">
      <FullName>C:\Windows\Microsoft.Net\assembly\GAC_32\mscorlib\v4.0_4.0.0.0__b77a5c561934e089\mscorlib.dll</FullName>
      <ModuleName>mscorlib</ModuleName>
      <Classes />
    </Module>
    <Module skippedDueTo="MissingPdb" hash="51-57-32-32-3A-99-BE-2D-0F-55-8E-53-39-A1-87-44-A4-8F-7F-96">
      <FullName>C:\Program Files (x86)\Microsoft Visual Studio 12.0\Common7\IDE\MSTest.exe</FullName>
      <ModuleName>MSTest</ModuleName>
      <Classes />
    </Module>
    <Module skippedDueTo="MissingPdb" hash="DC-F8-9B-F7-2C-08-0C-DA-07-27-F8-D5-02-E6-16-D6-41-91-92-AB">
      <FullName>C:\Windows\assembly\GAC_MSIL\Microsoft.VisualStudio.QualityTools.Common\12.0.0.0__b03f5f7f11d50a3a\Microsoft.VisualStudio.QualityTools.Common.dll</FullName>
      <ModuleName>Microsoft.VisualStudio.QualityTools.Common</ModuleName>
      <Classes />
    </Module>
    <Module skippedDueTo="Filter" hash="38-4A-D4-CE-0C-44-E3-14-2E-0C-38-16-21-36-08-FC-9E-19-4A-F0">
      <FullName>C:\Windows\Microsoft.Net\assembly\GAC_MSIL\System\v4.0_4.0.0.0__b77a5c561934e089\System.dll</FullName>
      <ModuleName>System</ModuleName>
      <Classes />
    </Module>
    <Module skippedDueTo="MissingPdb" hash="6C-F3-21-D3-55-B9-65-8F-79-5C-94-83-2B-55-5B-61-F1-44-E2-3D">
      <FullName>C:\Windows\assembly\GAC_MSIL\Microsoft.VisualStudio.QualityTools.ExecutionCommon\12.0.0.0__b03f5f7f11d50a3a\Microsoft.VisualStudio.QualityTools.ExecutionCommon.dll</FullName>
      <ModuleName>Microsoft.VisualStudio.QualityTools.ExecutionCommon</ModuleName>
      <Classes />
    </Module>
    <Module skippedDueTo="MissingPdb" hash="14-3D-05-8D-99-D4-2A-75-D3-21-57-04-93-CD-3F-7B-76-07-28-5E">
      <FullName>C:\Windows\assembly\GAC_MSIL\Microsoft.VisualStudio.QualityTools.Resource\12.0.0.0__b03f5f7f11d50a3a\Microsoft.VisualStudio.QualityTools.Resource.dll</FullName>
      <ModuleName>Microsoft.VisualStudio.QualityTools.Resource</ModuleName>
      <Classes />
    </Module>
    <Module skippedDueTo="Filter" hash="8F-6E-E8-4F-40-6A-75-31-1B-08-C2-22-D5-EA-FE-23-3B-7B-82-15">
      <FullName>C:\Windows\Microsoft.Net\assembly\GAC_MSIL\System.Configuration\v4.0_4.0.0.0__b03f5f7f11d50a3a\System.Configuration.dll</FullName>
      <ModuleName>System.Configuration</ModuleName>
      <Classes />
    </Module>
    <Module skippedDueTo="Filter" hash="36-6D-BE-CC-C6-8D-5C-6B-D8-CE-E3-42-E9-1D-D1-3D-6E-FD-D9-5C">
      <FullName>C:\Windows\Microsoft.Net\assembly\GAC_MSIL\System.Xml\v4.0_4.0.0.0__b77a5c561934e089\System.Xml.dll</FullName>
      <ModuleName>System.Xml</ModuleName>
      <Classes />
    </Module>
    <Module skippedDueTo="MissingPdb" hash="25-DB-39-AF-D2-EF-C6-D7-46-FB-43-4E-6D-00-CA-60-D2-BC-73-4C">
      <FullName>C:\Windows\Microsoft.Net\assembly\GAC_MSIL\Microsoft.VisualStudio.QualityTools.CommandLine\v4.0_12.0.0.0__b03f5f7f11d50a3a\Microsoft.VisualStudio.QualityTools.CommandLine.dll</FullName>
      <ModuleName>Microsoft.VisualStudio.QualityTools.CommandLine</ModuleName>
      <Classes />
    </Module>
    <Module skippedDueTo="MissingPdb" hash="C3-B2-EE-56-03-E2-1E-61-F3-58-71-8C-F2-35-7D-7F-98-94-D9-25">
      <FullName>C:\Windows\assembly\GAC_MSIL\Microsoft.VisualStudio.QualityTools.TMI\12.0.0.0__b03f5f7f11d50a3a\Microsoft.VisualStudio.QualityTools.TMI.dll</FullName>
      <ModuleName>Microsoft.VisualStudio.QualityTools.TMI</ModuleName>
      <Classes />
    </Module>
    <Module skippedDueTo="Filter" hash="83-92-A6-61-AB-24-2D-60-6E-B3-F0-4C-6A-F3-38-AF-4E-6E-B8-30">
      <FullName>C:\Windows\Microsoft.Net\assembly\GAC_32\System.Data\v4.0_4.0.0.0__b77a5c561934e089\System.Data.dll</FullName>
      <ModuleName>System.Data</ModuleName>
      <Classes />
    </Module>
    <Module skippedDueTo="Filter" hash="5F-95-A9-21-AF-EF-CF-27-26-37-79-95-73-81-7A-A3-5F-E6-5D-E7">
      <FullName>C:\Windows\Microsoft.Net\assembly\GAC_MSIL\System.Numerics\v4.0_4.0.0.0__b77a5c561934e089\System.Numerics.dll</FullName>
      <ModuleName>System.Numerics</ModuleName>
      <Classes />
    </Module>
    <Module skippedDueTo="Filter" hash="58-B6-66-AA-65-AF-CD-BB-16-83-E4-24-73-BE-5A-3A-4D-0E-85-E6">
      <FullName>C:\Windows\Microsoft.Net\assembly\GAC_32\System.Web\v4.0_4.0.0.0__b03f5f7f11d50a3a\System.Web.dll</FullName>
      <ModuleName>System.Web</ModuleName>
      <Classes />
    </Module>
    <Module skippedDueTo="Filter" hash="F0-AC-29-46-F9-CE-FF-96-AE-EE-4F-C0-DE-9E-59-D3-7E-1B-ED-08">
      <FullName>C:\Windows\Microsoft.Net\assembly\GAC_MSIL\System.Core\v4.0_4.0.0.0__b77a5c561934e089\System.Core.dll</FullName>
      <ModuleName>System.Core</ModuleName>
      <Classes />
    </Module>
    <Module skippedDueTo="MissingPdb" hash="B8-BD-0B-9C-FE-40-35-92-D1-0C-F8-1C-06-DF-75-D9-6D-4E-B5-9F">
      <FullName>C:\Windows\assembly\GAC_MSIL\Microsoft.VisualStudio.QualityTools.Tips.UnitTest.Tip\12.0.0.0__b03f5f7f11d50a3a\Microsoft.VisualStudio.QualityTools.Tips.UnitTest.Tip.dll</FullName>
      <ModuleName>Microsoft.VisualStudio.QualityTools.Tips.UnitTest.Tip</ModuleName>
      <Classes />
    </Module>
    <Module skippedDueTo="MissingPdb" hash="80-91-7B-77-89-19-B3-0A-B9-FD-35-76-4A-23-60-1A-8D-35-58-07">
      <FullName>C:\Windows\assembly\GAC_MSIL\Microsoft.VisualStudio.QualityTools.Tips.UnitTest.ObjectModel\12.0.0.0__b03f5f7f11d50a3a\Microsoft.VisualStudio.QualityTools.Tips.UnitTest.ObjectModel.dll</FullName>
      <ModuleName>Microsoft.VisualStudio.QualityTools.Tips.UnitTest.ObjectModel</ModuleName>
      <Classes />
    </Module>
    <Module skippedDueTo="MissingPdb" hash="B6-BE-C7-09-6A-69-79-02-C4-B3-2E-2E-B9-3D-72-09-BB-84-01-6E">
      <FullName>C:\Windows\assembly\GAC_MSIL\Microsoft.VisualStudio.QualityTools.UnitTestFramework\10.0.0.0__b03f5f7f11d50a3a\Microsoft.VisualStudio.QualityTools.UnitTestFramework.dll</FullName>
      <ModuleName>Microsoft.VisualStudio.QualityTools.UnitTestFramework</ModuleName>
      <Classes />
    </Module>
    <Module skippedDueTo="MissingPdb" hash="91-A7-F9-01-20-FA-B7-30-6F-8D-00-4C-1E-EC-D4-8D-65-53-89-BC">
      <FullName>C:\Windows\assembly\GAC_MSIL\Microsoft.VisualStudio.QualityTools.Tips.UnitTest.AssemblyResolver\12.0.0.0__b03f5f7f11d50a3a\Microsoft.VisualStudio.QualityTools.Tips.UnitTest.AssemblyResolver.dll</FullName>
      <ModuleName>Microsoft.VisualStudio.QualityTools.Tips.UnitTest.AssemblyResolver</ModuleName>
      <Classes />
    </Module>
    <Module hash="93-8B-ED-32-0A-56-66-EC-C1-5A-B7-E3-B2-C4-FF-1E-45-7C-4C-10">
      <Summary numSequencePoints="164" visitedSequencePoints="158" numBranchPoints="23" visitedBranchPoints="17" sequenceCoverage="96.34" branchCoverage="73.91" maxCyclomaticComplexity="1" minCyclomaticComplexity="1" visitedClasses="5" numClasses="11" visitedMethods="17" numMethods="23" />
      <FullName>C:\Users\abel.ghebrezadik\Documents\C# Workspace\VideoProject\VideoOnDemandProject\VideosOnDemandProjectTestsDay1\bin\Debug\VideosOnDemandProjectTestsDay1.dll</FullName>
      <ModuleName>VideosOnDemandProjectTestsDay1</ModuleName>
      <Files>
        <File uid="1" fullPath="c:\Users\abel.ghebrezadik\Documents\C# Workspace\VideoProject\VideoOnDemandProject\VideosOnDemandProjectTestsDay1\NonQueryTests.cs" />
        <File uid="2" fullPath="c:\Users\abel.ghebrezadik\Documents\C# Workspace\VideoProject\VideoOnDemandProject\VideosOnDemandProjectTestsDay1\QueryTests.cs" />
        <File uid="9" fullPath="c:\Users\abel.ghebrezadik\Documents\C# Workspace\VideoProject\VideoOnDemandProject\VideosOnDemandProjectTestsDay1\UsernameTests.cs" />
        <File uid="10" fullPath="c:\Users\abel.ghebrezadik\Documents\C# Workspace\VideoProject\VideoOnDemandProject\VideosOnDemandProjectTestsDay1\MediaLibraryTests.cs" />
        <File uid="11" fullPath="c:\Users\abel.ghebrezadik\Documents\C# Workspace\VideoProject\VideoOnDemandProject\VideosOnDemandProjectTestsDay1\MediaPlayerTests.cs" />
      </Files>
      <Classes>
        <Class>
          <Summary numSequencePoints="0" visitedSequencePoints="0" numBranchPoints="0" visitedBranchPoints="0" sequenceCoverage="0" branchCoverage="0" maxCyclomaticComplexity="0" minCyclomaticComplexity="0" visitedClasses="0" numClasses="0" visitedMethods="0" numMethods="0" />
          <FullName>&lt;Module&gt;</FullName>
          <Methods />
        </Class>
        <Class>
          <Summary numSequencePoints="18" visitedSequencePoints="18" numBranchPoints="2" visitedBranchPoints="2" sequenceCoverage="100" branchCoverage="100" maxCyclomaticComplexity="1" minCyclomaticComplexity="1" visitedClasses="1" numClasses="1" visitedMethods="2" numMethods="2" />
          <FullName>VideosOnDemandProjectTestsDay1.NonQueryTests</FullName>
          <Methods>
            <Method visited="true" cyclomaticComplexity="1" sequenceCoverage="100" branchCoverage="100" isConstructor="false" isStatic="false" isGetter="false" isSetter="false">
              <Summary numSequencePoints="9" visitedSequencePoints="9" numBranchPoints="1" visitedBranchPoints="1" sequenceCoverage="100" branchCoverage="100" maxCyclomaticComplexity="1" minCyclomaticComplexity="1" visitedClasses="0" numClasses="0" visitedMethods="1" numMethods="1" />
              <MetadataToken>100663297</MetadataToken>
              <Name>System.Void VideosOnDemandProjectTestsDay1.NonQueryTests::Test_CreatesAUsernameWithSubscription_SavesToDatabase()</Name>
              <FileRef uid="1" />
              <SequencePoints>
                <SequencePoint vc="1" uspid="1" ordinal="0" offset="0" sl="15" sc="9" el="15" ec="10" bec="0" bev="0" fileid="1" />
                <SequencePoint vc="1" uspid="2" ordinal="1" offset="1" sl="17" sc="13" el="17" ec="55" bec="0" bev="0" fileid="1" />
                <SequencePoint vc="1" uspid="3" ordinal="2" offset="7" sl="18" sc="13" el="18" ec="66" bec="0" bev="0" fileid="1" />
                <SequencePoint vc="1" uspid="4" ordinal="3" offset="13" sl="19" sc="13" el="19" ec="73" bec="0" bev="0" fileid="1" />
                <SequencePoint vc="1" uspid="5" ordinal="4" offset="93" sl="22" sc="13" el="22" ec="67" bec="0" bev="0" fileid="1" />
                <SequencePoint vc="1" uspid="6" ordinal="5" offset="105" sl="23" sc="13" el="23" ec="54" bec="0" bev="0" fileid="1" />
                <SequencePoint vc="1" uspid="7" ordinal="6" offset="122" sl="26" sc="13" el="26" ec="73" bec="0" bev="0" fileid="1" />
                <SequencePoint vc="1" uspid="8" ordinal="7" offset="249" sl="27" sc="13" el="27" ec="54" bec="0" bev="0" fileid="1" />
                <SequencePoint vc="1" uspid="9" ordinal="8" offset="324" sl="28" sc="9" el="28" ec="10" bec="0" bev="0" fileid="1" />
              </SequencePoints>
              <BranchPoints />
              <MethodPoint xsi:type="SequencePoint" vc="1" uspid="1" ordinal="0" offset="0" sl="15" sc="9" el="15" ec="10" bec="0" bev="0" fileid="1" />
            </Method>
            <Method visited="true" cyclomaticComplexity="1" sequenceCoverage="100" branchCoverage="100" isConstructor="false" isStatic="false" isGetter="false" isSetter="false">
              <Summary numSequencePoints="9" visitedSequencePoints="9" numBranchPoints="1" visitedBranchPoints="1" sequenceCoverage="100" branchCoverage="100" maxCyclomaticComplexity="1" minCyclomaticComplexity="1" visitedClasses="0" numClasses="0" visitedMethods="1" numMethods="1" />
              <MetadataToken>100663298</MetadataToken>
              <Name>System.Void VideosOnDemandProjectTestsDay1.NonQueryTests::Test_CreatesAUsernameWithoutSubscription_SavesToDatabase()</Name>
              <FileRef uid="1" />
              <SequencePoints>
                <SequencePoint vc="1" uspid="10" ordinal="0" offset="0" sl="32" sc="9" el="32" ec="10" bec="0" bev="0" fileid="1" />
                <SequencePoint vc="1" uspid="11" ordinal="1" offset="1" sl="34" sc="13" el="34" ec="55" bec="0" bev="0" fileid="1" />
                <SequencePoint vc="1" uspid="12" ordinal="2" offset="7" sl="35" sc="13" el="35" ec="66" bec="0" bev="0" fileid="1" />
                <SequencePoint vc="1" uspid="13" ordinal="3" offset="13" sl="36" sc="13" el="36" ec="73" bec="0" bev="0" fileid="1" />
                <SequencePoint vc="1" uspid="14" ordinal="4" offset="93" sl="39" sc="13" el="39" ec="67" bec="0" bev="0" fileid="1" />
                <SequencePoint vc="1" uspid="15" ordinal="5" offset="105" sl="40" sc="13" el="40" ec="56" bec="0" bev="0" fileid="1" />
                <SequencePoint vc="1" uspid="16" ordinal="6" offset="122" sl="43" sc="13" el="43" ec="74" bec="0" bev="0" fileid="1" />
                <SequencePoint vc="1" uspid="17" ordinal="7" offset="249" sl="44" sc="13" el="44" ec="54" bec="0" bev="0" fileid="1" />
                <SequencePoint vc="1" uspid="18" ordinal="8" offset="324" sl="45" sc="9" el="45" ec="10" bec="0" bev="0" fileid="1" />
              </SequencePoints>
              <BranchPoints />
              <MethodPoint xsi:type="SequencePoint" vc="1" uspid="10" ordinal="0" offset="0" sl="32" sc="9" el="32" ec="10" bec="0" bev="0" fileid="1" />
            </Method>
            <Method visited="true" cyclomaticComplexity="1" sequenceCoverage="0" branchCoverage="0" isConstructor="true" isStatic="false" isGetter="false" isSetter="false">
              <Summary numSequencePoints="0" visitedSequencePoints="0" numBranchPoints="0" visitedBranchPoints="0" sequenceCoverage="0" branchCoverage="0" maxCyclomaticComplexity="1" minCyclomaticComplexity="1" visitedClasses="0" numClasses="0" visitedMethods="0" numMethods="0" />
              <MetadataToken>100663299</MetadataToken>
              <Name>System.Void VideosOnDemandProjectTestsDay1.NonQueryTests::.ctor()</Name>
              <SequencePoints />
              <BranchPoints />
              <MethodPoint vc="2" uspid="19" ordinal="0" offset="0" />
            </Method>
          </Methods>
        </Class>
        <Class>
          <Summary numSequencePoints="78" visitedSequencePoints="78" numBranchPoints="6" visitedBranchPoints="6" sequenceCoverage="100" branchCoverage="100" maxCyclomaticComplexity="1" minCyclomaticComplexity="1" visitedClasses="1" numClasses="1" visitedMethods="6" numMethods="6" />
          <FullName>VideosOnDemandProjectTestsDay1.QueryTests</FullName>
          <Methods>
            <Method visited="true" cyclomaticComplexity="1" sequenceCoverage="100" branchCoverage="100" isConstructor="false" isStatic="false" isGetter="false" isSetter="false">
              <Summary numSequencePoints="13" visitedSequencePoints="13" numBranchPoints="1" visitedBranchPoints="1" sequenceCoverage="100" branchCoverage="100" maxCyclomaticComplexity="1" minCyclomaticComplexity="1" visitedClasses="0" numClasses="0" visitedMethods="1" numMethods="1" />
              <MetadataToken>100663300</MetadataToken>
              <Name>System.Void VideosOnDemandProjectTestsDay1.QueryTests::Test_GetAllFilms_FromTheDatabase_ReturnAnEmptyList()</Name>
              <FileRef uid="2" />
              <SequencePoints>
                <SequencePoint vc="1" uspid="20" ordinal="0" offset="7" sl="17" sc="9" el="17" ec="10" bec="0" bev="0" fileid="2" />
                <SequencePoint vc="1" uspid="21" ordinal="1" offset="8" sl="19" sc="13" el="19" ec="55" bec="0" bev="0" fileid="2" />
                <SequencePoint vc="1" uspid="22" ordinal="2" offset="25" sl="21" sc="13" el="21" ec="51" bec="0" bev="0" fileid="2" />
                <SequencePoint vc="1" uspid="23" ordinal="3" offset="31" sl="22" sc="13" el="22" ec="90" bec="0" bev="0" fileid="2" />
                <SequencePoint vc="1" uspid="24" ordinal="4" offset="125" sl="23" sc="13" el="23" ec="94" bec="0" bev="0" fileid="2" />
                <SequencePoint vc="1" uspid="25" ordinal="5" offset="219" sl="24" sc="13" el="24" ec="96" bec="0" bev="0" fileid="2" />
                <SequencePoint vc="1" uspid="26" ordinal="6" offset="313" sl="25" sc="13" el="25" ec="110" bec="0" bev="0" fileid="2" />
                <SequencePoint vc="1" uspid="27" ordinal="7" offset="419" sl="27" sc="13" el="27" ec="66" bec="0" bev="0" fileid="2" />
                <SequencePoint vc="1" uspid="28" ordinal="8" offset="425" sl="28" sc="13" el="28" ec="69" bec="0" bev="0" fileid="2" />
                <SequencePoint vc="1" uspid="29" ordinal="9" offset="508" sl="31" sc="13" el="31" ec="63" bec="0" bev="0" fileid="2" />
                <SequencePoint vc="1" uspid="30" ordinal="10" offset="520" sl="32" sc="13" el="32" ec="50" bec="0" bev="0" fileid="2" />
                <SequencePoint vc="1" uspid="31" ordinal="11" offset="527" sl="35" sc="13" el="35" ec="51" bec="0" bev="0" fileid="2" />
                <SequencePoint vc="1" uspid="32" ordinal="12" offset="540" sl="36" sc="9" el="36" ec="10" bec="0" bev="0" fileid="2" />
              </SequencePoints>
              <BranchPoints />
              <MethodPoint vc="1" uspid="33" ordinal="0" offset="0" />
            </Method>
            <Method visited="true" cyclomaticComplexity="1" sequenceCoverage="100" branchCoverage="100" isConstructor="false" isStatic="false" isGetter="false" isSetter="false">
              <Summary numSequencePoints="13" visitedSequencePoints="13" numBranchPoints="1" visitedBranchPoints="1" sequenceCoverage="100" branchCoverage="100" maxCyclomaticComplexity="1" minCyclomaticComplexity="1" visitedClasses="0" numClasses="0" visitedMethods="1" numMethods="1" />
              <MetadataToken>100663301</MetadataToken>
              <Name>System.Void VideosOnDemandProjectTestsDay1.QueryTests::Test_GetAllFilms_FromTheDatabase_ReturnAListOfOneFilm()</Name>
              <FileRef uid="2" />
              <SequencePoints>
                <SequencePoint vc="1" uspid="34" ordinal="0" offset="7" sl="40" sc="9" el="40" ec="10" bec="0" bev="0" fileid="2" />
                <SequencePoint vc="1" uspid="35" ordinal="1" offset="8" sl="42" sc="13" el="46" ec="29" bec="0" bev="0" fileid="2" />
                <SequencePoint vc="1" uspid="36" ordinal="2" offset="100" sl="48" sc="13" el="48" ec="51" bec="0" bev="0" fileid="2" />
                <SequencePoint vc="1" uspid="37" ordinal="3" offset="106" sl="49" sc="13" el="49" ec="90" bec="0" bev="0" fileid="2" />
                <SequencePoint vc="1" uspid="38" ordinal="4" offset="200" sl="50" sc="13" el="50" ec="94" bec="0" bev="0" fileid="2" />
                <SequencePoint vc="1" uspid="39" ordinal="5" offset="294" sl="51" sc="13" el="51" ec="96" bec="0" bev="0" fileid="2" />
                <SequencePoint vc="1" uspid="40" ordinal="6" offset="388" sl="52" sc="13" el="52" ec="110" bec="0" bev="0" fileid="2" />
                <SequencePoint vc="1" uspid="41" ordinal="7" offset="494" sl="54" sc="13" el="54" ec="66" bec="0" bev="0" fileid="2" />
                <SequencePoint vc="1" uspid="42" ordinal="8" offset="500" sl="55" sc="13" el="55" ec="69" bec="0" bev="0" fileid="2" />
                <SequencePoint vc="1" uspid="43" ordinal="9" offset="583" sl="58" sc="13" el="58" ec="63" bec="0" bev="0" fileid="2" />
                <SequencePoint vc="1" uspid="44" ordinal="10" offset="595" sl="59" sc="13" el="59" ec="50" bec="0" bev="0" fileid="2" />
                <SequencePoint vc="1" uspid="45" ordinal="11" offset="602" sl="62" sc="13" el="62" ec="51" bec="0" bev="0" fileid="2" />
                <SequencePoint vc="1" uspid="46" ordinal="12" offset="615" sl="63" sc="9" el="63" ec="10" bec="0" bev="0" fileid="2" />
              </SequencePoints>
              <BranchPoints />
              <MethodPoint vc="1" uspid="47" ordinal="0" offset="0" />
            </Method>
            <Method visited="true" cyclomaticComplexity="1" sequenceCoverage="100" branchCoverage="100" isConstructor="false" isStatic="false" isGetter="false" isSetter="false">
              <Summary numSequencePoints="13" visitedSequencePoints="13" numBranchPoints="1" visitedBranchPoints="1" sequenceCoverage="100" branchCoverage="100" maxCyclomaticComplexity="1" minCyclomaticComplexity="1" visitedClasses="0" numClasses="0" visitedMethods="1" numMethods="1" />
              <MetadataToken>100663302</MetadataToken>
              <Name>System.Void VideosOnDemandProjectTestsDay1.QueryTests::Test_GetAllTelevisionShows_FromTheDatabase_ReturnAnEmptyList()</Name>
              <FileRef uid="2" />
              <SequencePoints>
                <SequencePoint vc="1" uspid="48" ordinal="0" offset="7" sl="67" sc="9" el="67" ec="10" bec="0" bev="0" fileid="2" />
                <SequencePoint vc="1" uspid="49" ordinal="1" offset="8" sl="69" sc="13" el="69" ec="61" bec="0" bev="0" fileid="2" />
                <SequencePoint vc="1" uspid="50" ordinal="2" offset="25" sl="71" sc="13" el="71" ec="57" bec="0" bev="0" fileid="2" />
                <SequencePoint vc="1" uspid="51" ordinal="3" offset="31" sl="72" sc="13" el="72" ec="96" bec="0" bev="0" fileid="2" />
                <SequencePoint vc="1" uspid="52" ordinal="4" offset="125" sl="73" sc="13" el="73" ec="100" bec="0" bev="0" fileid="2" />
                <SequencePoint vc="1" uspid="53" ordinal="5" offset="219" sl="74" sc="13" el="74" ec="102" bec="0" bev="0" fileid="2" />
                <SequencePoint vc="1" uspid="54" ordinal="6" offset="313" sl="75" sc="13" el="75" ec="116" bec="0" bev="0" fileid="2" />
                <SequencePoint vc="1" uspid="55" ordinal="7" offset="419" sl="77" sc="13" el="77" ec="66" bec="0" bev="0" fileid="2" />
                <SequencePoint vc="1" uspid="56" ordinal="8" offset="425" sl="78" sc="13" el="78" ec="75" bec="0" bev="0" fileid="2" />
                <SequencePoint vc="1" uspid="57" ordinal="9" offset="508" sl="81" sc="13" el="81" ec="69" bec="0" bev="0" fileid="2" />
                <SequencePoint vc="1" uspid="58" ordinal="10" offset="520" sl="82" sc="13" el="82" ec="62" bec="0" bev="0" fileid="2" />
                <SequencePoint vc="1" uspid="59" ordinal="11" offset="527" sl="85" sc="13" el="85" ec="53" bec="0" bev="0" fileid="2" />
                <SequencePoint vc="1" uspid="60" ordinal="12" offset="540" sl="86" sc="9" el="86" ec="10" bec="0" bev="0" fileid="2" />
              </SequencePoints>
              <BranchPoints />
              <MethodPoint vc="1" uspid="61" ordinal="0" offset="0" />
            </Method>
            <Method visited="true" cyclomaticComplexity="1" sequenceCoverage="100" branchCoverage="100" isConstructor="false" isStatic="false" isGetter="false" isSetter="false">
              <Summary numSequencePoints="13" visitedSequencePoints="13" numBranchPoints="1" visitedBranchPoints="1" sequenceCoverage="100" branchCoverage="100" maxCyclomaticComplexity="1" minCyclomaticComplexity="1" visitedClasses="0" numClasses="0" visitedMethods="1" numMethods="1" />
              <MetadataToken>100663303</MetadataToken>
              <Name>System.Void VideosOnDemandProjectTestsDay1.QueryTests::Test_GetAllTelevisionShows_FromTheDatabase_ReturnAListOfTwoTelevisionShows()</Name>
              <FileRef uid="2" />
              <SequencePoints>
                <SequencePoint vc="1" uspid="62" ordinal="0" offset="7" sl="90" sc="9" el="90" ec="10" bec="0" bev="0" fileid="2" />
                <SequencePoint vc="1" uspid="63" ordinal="1" offset="8" sl="92" sc="13" el="96" ec="29" bec="0" bev="0" fileid="2" />
                <SequencePoint vc="1" uspid="64" ordinal="2" offset="223" sl="98" sc="13" el="98" ec="57" bec="0" bev="0" fileid="2" />
                <SequencePoint vc="1" uspid="65" ordinal="3" offset="229" sl="99" sc="13" el="99" ec="96" bec="0" bev="0" fileid="2" />
                <SequencePoint vc="1" uspid="66" ordinal="4" offset="323" sl="100" sc="13" el="100" ec="100" bec="0" bev="0" fileid="2" />
                <SequencePoint vc="1" uspid="67" ordinal="5" offset="417" sl="101" sc="13" el="101" ec="102" bec="0" bev="0" fileid="2" />
                <SequencePoint vc="1" uspid="68" ordinal="6" offset="511" sl="102" sc="13" el="102" ec="116" bec="0" bev="0" fileid="2" />
                <SequencePoint vc="1" uspid="69" ordinal="7" offset="617" sl="104" sc="13" el="104" ec="66" bec="0" bev="0" fileid="2" />
                <SequencePoint vc="1" uspid="70" ordinal="8" offset="623" sl="105" sc="13" el="105" ec="75" bec="0" bev="0" fileid="2" />
                <SequencePoint vc="1" uspid="71" ordinal="9" offset="706" sl="108" sc="13" el="108" ec="69" bec="0" bev="0" fileid="2" />
                <SequencePoint vc="1" uspid="72" ordinal="10" offset="718" sl="109" sc="13" el="109" ec="62" bec="0" bev="0" fileid="2" />
                <SequencePoint vc="1" uspid="73" ordinal="11" offset="725" sl="112" sc="13" el="112" ec="53" bec="0" bev="0" fileid="2" />
                <SequencePoint vc="1" uspid="74" ordinal="12" offset="738" sl="113" sc="9" el="113" ec="10" bec="0" bev="0" fileid="2" />
              </SequencePoints>
              <BranchPoints />
              <MethodPoint vc="1" uspid="75" ordinal="0" offset="0" />
            </Method>
            <Method visited="true" cyclomaticComplexity="1" sequenceCoverage="100" branchCoverage="100" isConstructor="false" isStatic="false" isGetter="false" isSetter="false">
              <Summary numSequencePoints="13" visitedSequencePoints="13" numBranchPoints="1" visitedBranchPoints="1" sequenceCoverage="100" branchCoverage="100" maxCyclomaticComplexity="1" minCyclomaticComplexity="1" visitedClasses="0" numClasses="0" visitedMethods="1" numMethods="1" />
              <MetadataToken>100663304</MetadataToken>
              <Name>System.Void VideosOnDemandProjectTestsDay1.QueryTests::Test_DeletesAUsernameWhenSubscriptionIsExpired_SavesToDatabase()</Name>
              <FileRef uid="2" />
              <SequencePoints>
                <SequencePoint vc="1" uspid="76" ordinal="0" offset="7" sl="148" sc="9" el="148" ec="10" bec="0" bev="0" fileid="2" />
                <SequencePoint vc="1" uspid="77" ordinal="1" offset="8" sl="150" sc="13" el="153" ec="29" bec="0" bev="0" fileid="2" />
                <SequencePoint vc="1" uspid="78" ordinal="2" offset="56" sl="156" sc="13" el="156" ec="55" bec="0" bev="0" fileid="2" />
                <SequencePoint vc="1" uspid="79" ordinal="3" offset="62" sl="157" sc="13" el="157" ec="94" bec="0" bev="0" fileid="2" />
                <SequencePoint vc="1" uspid="80" ordinal="4" offset="156" sl="158" sc="13" el="158" ec="98" bec="0" bev="0" fileid="2" />
                <SequencePoint vc="1" uspid="81" ordinal="5" offset="250" sl="159" sc="13" el="159" ec="100" bec="0" bev="0" fileid="2" />
                <SequencePoint vc="1" uspid="82" ordinal="6" offset="344" sl="160" sc="13" el="160" ec="114" bec="0" bev="0" fileid="2" />
                <SequencePoint vc="1" uspid="83" ordinal="7" offset="450" sl="163" sc="13" el="163" ec="66" bec="0" bev="0" fileid="2" />
                <SequencePoint vc="1" uspid="84" ordinal="8" offset="456" sl="164" sc="13" el="164" ec="73" bec="0" bev="0" fileid="2" />
                <SequencePoint vc="1" uspid="85" ordinal="9" offset="539" sl="166" sc="13" el="166" ec="67" bec="0" bev="0" fileid="2" />
                <SequencePoint vc="1" uspid="86" ordinal="10" offset="551" sl="167" sc="13" el="167" ec="40" bec="0" bev="0" fileid="2" />
                <SequencePoint vc="1" uspid="87" ordinal="11" offset="563" sl="170" sc="13" el="170" ec="54" bec="0" bev="0" fileid="2" />
                <SequencePoint vc="1" uspid="88" ordinal="12" offset="641" sl="171" sc="9" el="171" ec="10" bec="0" bev="0" fileid="2" />
              </SequencePoints>
              <BranchPoints />
              <MethodPoint vc="1" uspid="89" ordinal="0" offset="0" />
            </Method>
            <Method visited="true" cyclomaticComplexity="1" sequenceCoverage="100" branchCoverage="100" isConstructor="false" isStatic="false" isGetter="false" isSetter="false">
              <Summary numSequencePoints="13" visitedSequencePoints="13" numBranchPoints="1" visitedBranchPoints="1" sequenceCoverage="100" branchCoverage="100" maxCyclomaticComplexity="1" minCyclomaticComplexity="1" visitedClasses="0" numClasses="0" visitedMethods="1" numMethods="1" />
              <MetadataToken>100663305</MetadataToken>
              <Name>System.Void VideosOnDemandProjectTestsDay1.QueryTests::Test_DeletesTwoUsernamesWhenSubscriptionIsExpired_SavesToDatabase()</Name>
              <FileRef uid="2" />
              <SequencePoints>
                <SequencePoint vc="1" uspid="90" ordinal="0" offset="7" sl="175" sc="9" el="175" ec="10" bec="0" bev="0" fileid="2" />
                <SequencePoint vc="1" uspid="91" ordinal="1" offset="8" sl="177" sc="13" el="182" ec="29" bec="0" bev="0" fileid="2" />
                <SequencePoint vc="1" uspid="92" ordinal="2" offset="85" sl="185" sc="13" el="185" ec="55" bec="0" bev="0" fileid="2" />
                <SequencePoint vc="1" uspid="93" ordinal="3" offset="91" sl="186" sc="13" el="186" ec="94" bec="0" bev="0" fileid="2" />
                <SequencePoint vc="1" uspid="94" ordinal="4" offset="185" sl="187" sc="13" el="187" ec="98" bec="0" bev="0" fileid="2" />
                <SequencePoint vc="1" uspid="95" ordinal="5" offset="279" sl="188" sc="13" el="188" ec="100" bec="0" bev="0" fileid="2" />
                <SequencePoint vc="1" uspid="96" ordinal="6" offset="373" sl="189" sc="13" el="189" ec="114" bec="0" bev="0" fileid="2" />
                <SequencePoint vc="1" uspid="97" ordinal="7" offset="479" sl="192" sc="13" el="192" ec="66" bec="0" bev="0" fileid="2" />
                <SequencePoint vc="1" uspid="98" ordinal="8" offset="485" sl="193" sc="13" el="193" ec="73" bec="0" bev="0" fileid="2" />
                <SequencePoint vc="1" uspid="99" ordinal="9" offset="568" sl="195" sc="13" el="195" ec="67" bec="0" bev="0" fileid="2" />
                <SequencePoint vc="1" uspid="100" ordinal="10" offset="580" sl="196" sc="13" el="196" ec="40" bec="0" bev="0" fileid="2" />
                <SequencePoint vc="1" uspid="101" ordinal="11" offset="592" sl="199" sc="13" el="199" ec="54" bec="0" bev="0" fileid="2" />
                <SequencePoint vc="1" uspid="102" ordinal="12" offset="670" sl="200" sc="9" el="200" ec="10" bec="0" bev="0" fileid="2" />
              </SequencePoints>
              <BranchPoints />
              <MethodPoint vc="1" uspid="103" ordinal="0" offset="0" />
            </Method>
            <Method visited="true" cyclomaticComplexity="1" sequenceCoverage="0" branchCoverage="0" isConstructor="true" isStatic="false" isGetter="false" isSetter="false">
              <Summary numSequencePoints="0" visitedSequencePoints="0" numBranchPoints="0" visitedBranchPoints="0" sequenceCoverage="0" branchCoverage="0" maxCyclomaticComplexity="1" minCyclomaticComplexity="1" visitedClasses="0" numClasses="0" visitedMethods="0" numMethods="0" />
              <MetadataToken>100663306</MetadataToken>
              <Name>System.Void VideosOnDemandProjectTestsDay1.QueryTests::.ctor()</Name>
              <SequencePoints />
              <BranchPoints />
              <MethodPoint vc="6" uspid="104" ordinal="0" offset="0" />
            </Method>
          </Methods>
        </Class>
        <Class>
          <Summary numSequencePoints="1" visitedSequencePoints="0" numBranchPoints="1" visitedBranchPoints="0" sequenceCoverage="0" branchCoverage="0" maxCyclomaticComplexity="1" minCyclomaticComplexity="1" visitedClasses="0" numClasses="1" visitedMethods="0" numMethods="1" />
          <FullName>VideosOnDemandProjectTestsDay1.QueryTests/&lt;&gt;c__DisplayClass1</FullName>
          <Methods>
            <Method visited="true" cyclomaticComplexity="1" sequenceCoverage="0" branchCoverage="0" isConstructor="true" isStatic="false" isGetter="false" isSetter="false">
              <Summary numSequencePoints="0" visitedSequencePoints="0" numBranchPoints="0" visitedBranchPoints="0" sequenceCoverage="0" branchCoverage="0" maxCyclomaticComplexity="1" minCyclomaticComplexity="1" visitedClasses="0" numClasses="0" visitedMethods="0" numMethods="0" />
              <MetadataToken>100663319</MetadataToken>
              <Name>System.Void VideosOnDemandProjectTestsDay1.QueryTests/&lt;&gt;c__DisplayClass1::.ctor()</Name>
              <SequencePoints />
              <BranchPoints />
              <MethodPoint vc="1" uspid="105" ordinal="0" offset="0" />
            </Method>
            <Method visited="false" cyclomaticComplexity="1" sequenceCoverage="0" branchCoverage="0" isConstructor="false" isStatic="false" isGetter="false" isSetter="false">
              <Summary numSequencePoints="1" visitedSequencePoints="0" numBranchPoints="1" visitedBranchPoints="0" sequenceCoverage="0" branchCoverage="0" maxCyclomaticComplexity="1" minCyclomaticComplexity="1" visitedClasses="0" numClasses="0" visitedMethods="0" numMethods="1" />
              <MetadataToken>100663320</MetadataToken>
              <Name>System.Collections.Generic.IEnumerator`1&lt;VideosOnDemandEntityDatabase.film&gt; VideosOnDemandProjectTestsDay1.QueryTests/&lt;&gt;c__DisplayClass1::&lt;Test_GetAllFilms_FromTheDatabase_ReturnAnEmptyList&gt;b__0()</Name>
              <FileRef uid="2" />
              <SequencePoints>
                <SequencePoint vc="0" uspid="106" ordinal="0" offset="0" sl="25" sc="88" el="25" ec="108" bec="0" bev="0" fileid="2" />
              </SequencePoints>
              <BranchPoints />
              <MethodPoint xsi:type="SequencePoint" vc="0" uspid="106" ordinal="0" offset="0" sl="25" sc="88" el="25" ec="108" bec="0" bev="0" fileid="2" />
            </Method>
          </Methods>
        </Class>
        <Class>
          <Summary numSequencePoints="1" visitedSequencePoints="0" numBranchPoints="1" visitedBranchPoints="0" sequenceCoverage="0" branchCoverage="0" maxCyclomaticComplexity="1" minCyclomaticComplexity="1" visitedClasses="0" numClasses="1" visitedMethods="0" numMethods="1" />
          <FullName>VideosOnDemandProjectTestsDay1.QueryTests/&lt;&gt;c__DisplayClass6</FullName>
          <Methods>
            <Method visited="true" cyclomaticComplexity="1" sequenceCoverage="0" branchCoverage="0" isConstructor="true" isStatic="false" isGetter="false" isSetter="false">
              <Summary numSequencePoints="0" visitedSequencePoints="0" numBranchPoints="0" visitedBranchPoints="0" sequenceCoverage="0" branchCoverage="0" maxCyclomaticComplexity="1" minCyclomaticComplexity="1" visitedClasses="0" numClasses="0" visitedMethods="0" numMethods="0" />
              <MetadataToken>100663321</MetadataToken>
              <Name>System.Void VideosOnDemandProjectTestsDay1.QueryTests/&lt;&gt;c__DisplayClass6::.ctor()</Name>
              <SequencePoints />
              <BranchPoints />
              <MethodPoint vc="1" uspid="107" ordinal="0" offset="0" />
            </Method>
            <Method visited="false" cyclomaticComplexity="1" sequenceCoverage="0" branchCoverage="0" isConstructor="false" isStatic="false" isGetter="false" isSetter="false">
              <Summary numSequencePoints="1" visitedSequencePoints="0" numBranchPoints="1" visitedBranchPoints="0" sequenceCoverage="0" branchCoverage="0" maxCyclomaticComplexity="1" minCyclomaticComplexity="1" visitedClasses="0" numClasses="0" visitedMethods="0" numMethods="1" />
              <MetadataToken>100663322</MetadataToken>
              <Name>System.Collections.Generic.IEnumerator`1&lt;VideosOnDemandEntityDatabase.film&gt; VideosOnDemandProjectTestsDay1.QueryTests/&lt;&gt;c__DisplayClass6::&lt;Test_GetAllFilms_FromTheDatabase_ReturnAListOfOneFilm&gt;b__5()</Name>
              <FileRef uid="2" />
              <SequencePoints>
                <SequencePoint vc="0" uspid="108" ordinal="0" offset="0" sl="52" sc="88" el="52" ec="108" bec="0" bev="0" fileid="2" />
              </SequencePoints>
              <BranchPoints />
              <MethodPoint xsi:type="SequencePoint" vc="0" uspid="108" ordinal="0" offset="0" sl="52" sc="88" el="52" ec="108" bec="0" bev="0" fileid="2" />
            </Method>
          </Methods>
        </Class>
        <Class>
          <Summary numSequencePoints="1" visitedSequencePoints="0" numBranchPoints="1" visitedBranchPoints="0" sequenceCoverage="0" branchCoverage="0" maxCyclomaticComplexity="1" minCyclomaticComplexity="1" visitedClasses="0" numClasses="1" visitedMethods="0" numMethods="1" />
          <FullName>VideosOnDemandProjectTestsDay1.QueryTests/&lt;&gt;c__DisplayClass9</FullName>
          <Methods>
            <Method visited="true" cyclomaticComplexity="1" sequenceCoverage="0" branchCoverage="0" isConstructor="true" isStatic="false" isGetter="false" isSetter="false">
              <Summary numSequencePoints="0" visitedSequencePoints="0" numBranchPoints="0" visitedBranchPoints="0" sequenceCoverage="0" branchCoverage="0" maxCyclomaticComplexity="1" minCyclomaticComplexity="1" visitedClasses="0" numClasses="0" visitedMethods="0" numMethods="0" />
              <MetadataToken>100663323</MetadataToken>
              <Name>System.Void VideosOnDemandProjectTestsDay1.QueryTests/&lt;&gt;c__DisplayClass9::.ctor()</Name>
              <SequencePoints />
              <BranchPoints />
              <MethodPoint vc="1" uspid="109" ordinal="0" offset="0" />
            </Method>
            <Method visited="false" cyclomaticComplexity="1" sequenceCoverage="0" branchCoverage="0" isConstructor="false" isStatic="false" isGetter="false" isSetter="false">
              <Summary numSequencePoints="1" visitedSequencePoints="0" numBranchPoints="1" visitedBranchPoints="0" sequenceCoverage="0" branchCoverage="0" maxCyclomaticComplexity="1" minCyclomaticComplexity="1" visitedClasses="0" numClasses="0" visitedMethods="0" numMethods="1" />
              <MetadataToken>100663324</MetadataToken>
              <Name>System.Collections.Generic.IEnumerator`1&lt;VideosOnDemandEntityDatabase.television&gt; VideosOnDemandProjectTestsDay1.QueryTests/&lt;&gt;c__DisplayClass9::&lt;Test_GetAllTelevisionShows_FromTheDatabase_ReturnAnEmptyList&gt;b__8()</Name>
              <FileRef uid="2" />
              <SequencePoints>
                <SequencePoint vc="0" uspid="110" ordinal="0" offset="0" sl="75" sc="94" el="75" ec="114" bec="0" bev="0" fileid="2" />
              </SequencePoints>
              <BranchPoints />
              <MethodPoint xsi:type="SequencePoint" vc="0" uspid="110" ordinal="0" offset="0" sl="75" sc="94" el="75" ec="114" bec="0" bev="0" fileid="2" />
            </Method>
          </Methods>
        </Class>
        <Class>
          <Summary numSequencePoints="1" visitedSequencePoints="0" numBranchPoints="1" visitedBranchPoints="0" sequenceCoverage="0" branchCoverage="0" maxCyclomaticComplexity="1" minCyclomaticComplexity="1" visitedClasses="0" numClasses="1" visitedMethods="0" numMethods="1" />
          <FullName>VideosOnDemandProjectTestsDay1.QueryTests/&lt;&gt;c__DisplayClassf</FullName>
          <Methods>
            <Method visited="true" cyclomaticComplexity="1" sequenceCoverage="0" branchCoverage="0" isConstructor="true" isStatic="false" isGetter="false" isSetter="false">
              <Summary numSequencePoints="0" visitedSequencePoints="0" numBranchPoints="0" visitedBranchPoints="0" sequenceCoverage="0" branchCoverage="0" maxCyclomaticComplexity="1" minCyclomaticComplexity="1" visitedClasses="0" numClasses="0" visitedMethods="0" numMethods="0" />
              <MetadataToken>100663325</MetadataToken>
              <Name>System.Void VideosOnDemandProjectTestsDay1.QueryTests/&lt;&gt;c__DisplayClassf::.ctor()</Name>
              <SequencePoints />
              <BranchPoints />
              <MethodPoint vc="1" uspid="111" ordinal="0" offset="0" />
            </Method>
            <Method visited="false" cyclomaticComplexity="1" sequenceCoverage="0" branchCoverage="0" isConstructor="false" isStatic="false" isGetter="false" isSetter="false">
              <Summary numSequencePoints="1" visitedSequencePoints="0" numBranchPoints="1" visitedBranchPoints="0" sequenceCoverage="0" branchCoverage="0" maxCyclomaticComplexity="1" minCyclomaticComplexity="1" visitedClasses="0" numClasses="0" visitedMethods="0" numMethods="1" />
              <MetadataToken>100663326</MetadataToken>
              <Name>System.Collections.Generic.IEnumerator`1&lt;VideosOnDemandEntityDatabase.television&gt; VideosOnDemandProjectTestsDay1.QueryTests/&lt;&gt;c__DisplayClassf::&lt;Test_GetAllTelevisionShows_FromTheDatabase_ReturnAListOfTwoTelevisionShows&gt;b__e()</Name>
              <FileRef uid="2" />
              <SequencePoints>
                <SequencePoint vc="0" uspid="112" ordinal="0" offset="0" sl="102" sc="94" el="102" ec="114" bec="0" bev="0" fileid="2" />
              </SequencePoints>
              <BranchPoints />
              <MethodPoint xsi:type="SequencePoint" vc="0" uspid="112" ordinal="0" offset="0" sl="102" sc="94" el="102" ec="114" bec="0" bev="0" fileid="2" />
            </Method>
          </Methods>
        </Class>
        <Class>
          <Summary numSequencePoints="1" visitedSequencePoints="0" numBranchPoints="1" visitedBranchPoints="0" sequenceCoverage="0" branchCoverage="0" maxCyclomaticComplexity="1" minCyclomaticComplexity="1" visitedClasses="0" numClasses="1" visitedMethods="0" numMethods="1" />
          <FullName>VideosOnDemandProjectTestsDay1.QueryTests/&lt;&gt;c__DisplayClass14</FullName>
          <Methods>
            <Method visited="true" cyclomaticComplexity="1" sequenceCoverage="0" branchCoverage="0" isConstructor="true" isStatic="false" isGetter="false" isSetter="false">
              <Summary numSequencePoints="0" visitedSequencePoints="0" numBranchPoints="0" visitedBranchPoints="0" sequenceCoverage="0" branchCoverage="0" maxCyclomaticComplexity="1" minCyclomaticComplexity="1" visitedClasses="0" numClasses="0" visitedMethods="0" numMethods="0" />
              <MetadataToken>100663327</MetadataToken>
              <Name>System.Void VideosOnDemandProjectTestsDay1.QueryTests/&lt;&gt;c__DisplayClass14::.ctor()</Name>
              <SequencePoints />
              <BranchPoints />
              <MethodPoint vc="1" uspid="113" ordinal="0" offset="0" />
            </Method>
            <Method visited="false" cyclomaticComplexity="1" sequenceCoverage="0" branchCoverage="0" isConstructor="false" isStatic="false" isGetter="false" isSetter="false">
              <Summary numSequencePoints="1" visitedSequencePoints="0" numBranchPoints="1" visitedBranchPoints="0" sequenceCoverage="0" branchCoverage="0" maxCyclomaticComplexity="1" minCyclomaticComplexity="1" visitedClasses="0" numClasses="0" visitedMethods="0" numMethods="1" />
              <MetadataToken>100663328</MetadataToken>
              <Name>System.Collections.Generic.IEnumerator`1&lt;VideosOnDemandEntityDatabase.username&gt; VideosOnDemandProjectTestsDay1.QueryTests/&lt;&gt;c__DisplayClass14::&lt;Test_DeletesAUsernameWhenSubscriptionIsExpired_SavesToDatabase&gt;b__13()</Name>
              <FileRef uid="2" />
              <SequencePoints>
                <SequencePoint vc="0" uspid="114" ordinal="0" offset="0" sl="160" sc="92" el="160" ec="112" bec="0" bev="0" fileid="2" />
              </SequencePoints>
              <BranchPoints />
              <MethodPoint xsi:type="SequencePoint" vc="0" uspid="114" ordinal="0" offset="0" sl="160" sc="92" el="160" ec="112" bec="0" bev="0" fileid="2" />
            </Method>
          </Methods>
        </Class>
        <Class>
          <Summary numSequencePoints="1" visitedSequencePoints="0" numBranchPoints="1" visitedBranchPoints="0" sequenceCoverage="0" branchCoverage="0" maxCyclomaticComplexity="1" minCyclomaticComplexity="1" visitedClasses="0" numClasses="1" visitedMethods="0" numMethods="1" />
          <FullName>VideosOnDemandProjectTestsDay1.QueryTests/&lt;&gt;c__DisplayClass1a</FullName>
          <Methods>
            <Method visited="true" cyclomaticComplexity="1" sequenceCoverage="0" branchCoverage="0" isConstructor="true" isStatic="false" isGetter="false" isSetter="false">
              <Summary numSequencePoints="0" visitedSequencePoints="0" numBranchPoints="0" visitedBranchPoints="0" sequenceCoverage="0" branchCoverage="0" maxCyclomaticComplexity="1" minCyclomaticComplexity="1" visitedClasses="0" numClasses="0" visitedMethods="0" numMethods="0" />
              <MetadataToken>100663329</MetadataToken>
              <Name>System.Void VideosOnDemandProjectTestsDay1.QueryTests/&lt;&gt;c__DisplayClass1a::.ctor()</Name>
              <SequencePoints />
              <BranchPoints />
              <MethodPoint vc="1" uspid="115" ordinal="0" offset="0" />
            </Method>
            <Method visited="false" cyclomaticComplexity="1" sequenceCoverage="0" branchCoverage="0" isConstructor="false" isStatic="false" isGetter="false" isSetter="false">
              <Summary numSequencePoints="1" visitedSequencePoints="0" numBranchPoints="1" visitedBranchPoints="0" sequenceCoverage="0" branchCoverage="0" maxCyclomaticComplexity="1" minCyclomaticComplexity="1" visitedClasses="0" numClasses="0" visitedMethods="0" numMethods="1" />
              <MetadataToken>100663330</MetadataToken>
              <Name>System.Collections.Generic.IEnumerator`1&lt;VideosOnDemandEntityDatabase.username&gt; VideosOnDemandProjectTestsDay1.QueryTests/&lt;&gt;c__DisplayClass1a::&lt;Test_DeletesTwoUsernamesWhenSubscriptionIsExpired_SavesToDatabase&gt;b__19()</Name>
              <FileRef uid="2" />
              <SequencePoints>
                <SequencePoint vc="0" uspid="116" ordinal="0" offset="0" sl="189" sc="92" el="189" ec="112" bec="0" bev="0" fileid="2" />
              </SequencePoints>
              <BranchPoints />
              <MethodPoint xsi:type="SequencePoint" vc="0" uspid="116" ordinal="0" offset="0" sl="189" sc="92" el="189" ec="112" bec="0" bev="0" fileid="2" />
            </Method>
          </Methods>
        </Class>
        <Class>
          <Summary numSequencePoints="21" visitedSequencePoints="21" numBranchPoints="3" visitedBranchPoints="3" sequenceCoverage="100" branchCoverage="100" maxCyclomaticComplexity="1" minCyclomaticComplexity="1" visitedClasses="1" numClasses="1" visitedMethods="3" numMethods="3" />
          <FullName>VideosOnDemandProjectTestsDay1.UsernameTests</FullName>
          <Methods>
            <Method visited="true" cyclomaticComplexity="1" sequenceCoverage="100" branchCoverage="100" isConstructor="false" isStatic="false" isGetter="false" isSetter="false">
              <Summary numSequencePoints="7" visitedSequencePoints="7" numBranchPoints="1" visitedBranchPoints="1" sequenceCoverage="100" branchCoverage="100" maxCyclomaticComplexity="1" minCyclomaticComplexity="1" visitedClasses="0" numClasses="0" visitedMethods="1" numMethods="1" />
              <MetadataToken>100663307</MetadataToken>
              <Name>System.Void VideosOnDemandProjectTestsDay1.UsernameTests::Test_CheckCustomer_HasNoUsernameWithVideoOnDemand_WhenCalled()</Name>
              <FileRef uid="9" />
              <SequencePoints>
                <SequencePoint vc="1" uspid="117" ordinal="0" offset="0" sl="12" sc="9" el="12" ec="10" bec="0" bev="0" fileid="9" />
                <SequencePoint vc="1" uspid="118" ordinal="1" offset="1" sl="14" sc="13" el="14" ec="48" bec="0" bev="0" fileid="9" />
                <SequencePoint vc="1" uspid="119" ordinal="2" offset="7" sl="15" sc="13" el="15" ec="30" bec="0" bev="0" fileid="9" />
                <SequencePoint vc="1" uspid="120" ordinal="3" offset="13" sl="16" sc="13" el="16" ec="33" bec="0" bev="0" fileid="9" />
                <SequencePoint vc="1" uspid="121" ordinal="4" offset="15" sl="18" sc="13" el="18" ec="64" bec="0" bev="0" fileid="9" />
                <SequencePoint vc="1" uspid="122" ordinal="5" offset="24" sl="21" sc="13" el="21" ec="48" bec="0" bev="0" fileid="9" />
                <SequencePoint vc="1" uspid="123" ordinal="6" offset="32" sl="23" sc="9" el="23" ec="10" bec="0" bev="0" fileid="9" />
              </SequencePoints>
              <BranchPoints />
              <MethodPoint xsi:type="SequencePoint" vc="1" uspid="117" ordinal="0" offset="0" sl="12" sc="9" el="12" ec="10" bec="0" bev="0" fileid="9" />
            </Method>
            <Method visited="true" cyclomaticComplexity="1" sequenceCoverage="100" branchCoverage="100" isConstructor="false" isStatic="false" isGetter="false" isSetter="false">
              <Summary numSequencePoints="7" visitedSequencePoints="7" numBranchPoints="1" visitedBranchPoints="1" sequenceCoverage="100" branchCoverage="100" maxCyclomaticComplexity="1" minCyclomaticComplexity="1" visitedClasses="0" numClasses="0" visitedMethods="1" numMethods="1" />
              <MetadataToken>100663308</MetadataToken>
              <Name>System.Void VideosOnDemandProjectTestsDay1.UsernameTests::Test_CheckCustomer_HasAUsernameWithoutFullSubscriptionService_WhenCalled()</Name>
              <FileRef uid="9" />
              <SequencePoints>
                <SequencePoint vc="1" uspid="124" ordinal="0" offset="0" sl="27" sc="9" el="27" ec="10" bec="0" bev="0" fileid="9" />
                <SequencePoint vc="1" uspid="125" ordinal="1" offset="1" sl="29" sc="13" el="29" ec="48" bec="0" bev="0" fileid="9" />
                <SequencePoint vc="1" uspid="126" ordinal="2" offset="7" sl="30" sc="13" el="30" ec="34" bec="0" bev="0" fileid="9" />
                <SequencePoint vc="1" uspid="127" ordinal="3" offset="13" sl="31" sc="13" el="31" ec="38" bec="0" bev="0" fileid="9" />
                <SequencePoint vc="1" uspid="128" ordinal="4" offset="15" sl="33" sc="13" el="33" ec="69" bec="0" bev="0" fileid="9" />
                <SequencePoint vc="1" uspid="129" ordinal="5" offset="24" sl="36" sc="13" el="36" ec="47" bec="0" bev="0" fileid="9" />
                <SequencePoint vc="1" uspid="130" ordinal="6" offset="32" sl="38" sc="9" el="38" ec="10" bec="0" bev="0" fileid="9" />
              </SequencePoints>
              <BranchPoints />
              <MethodPoint xsi:type="SequencePoint" vc="1" uspid="124" ordinal="0" offset="0" sl="27" sc="9" el="27" ec="10" bec="0" bev="0" fileid="9" />
            </Method>
            <Method visited="true" cyclomaticComplexity="1" sequenceCoverage="100" branchCoverage="100" isConstructor="false" isStatic="false" isGetter="false" isSetter="false">
              <Summary numSequencePoints="7" visitedSequencePoints="7" numBranchPoints="1" visitedBranchPoints="1" sequenceCoverage="100" branchCoverage="100" maxCyclomaticComplexity="1" minCyclomaticComplexity="1" visitedClasses="0" numClasses="0" visitedMethods="1" numMethods="1" />
              <MetadataToken>100663309</MetadataToken>
              <Name>System.Void VideosOnDemandProjectTestsDay1.UsernameTests::Test_CheckCustomerWithUsername_HasSubscribedToFullSubscriptionService_WhenCalled()</Name>
              <FileRef uid="9" />
              <SequencePoints>
                <SequencePoint vc="1" uspid="131" ordinal="0" offset="0" sl="42" sc="9" el="42" ec="10" bec="0" bev="0" fileid="9" />
                <SequencePoint vc="1" uspid="132" ordinal="1" offset="1" sl="44" sc="13" el="44" ec="48" bec="0" bev="0" fileid="9" />
                <SequencePoint vc="1" uspid="133" ordinal="2" offset="7" sl="45" sc="13" el="45" ec="34" bec="0" bev="0" fileid="9" />
                <SequencePoint vc="1" uspid="134" ordinal="3" offset="13" sl="46" sc="13" el="46" ec="37" bec="0" bev="0" fileid="9" />
                <SequencePoint vc="1" uspid="135" ordinal="4" offset="15" sl="49" sc="13" el="49" ec="69" bec="0" bev="0" fileid="9" />
                <SequencePoint vc="1" uspid="136" ordinal="5" offset="24" sl="52" sc="13" el="52" ec="47" bec="0" bev="0" fileid="9" />
                <SequencePoint vc="1" uspid="137" ordinal="6" offset="32" sl="53" sc="9" el="53" ec="10" bec="0" bev="0" fileid="9" />
              </SequencePoints>
              <BranchPoints />
              <MethodPoint xsi:type="SequencePoint" vc="1" uspid="131" ordinal="0" offset="0" sl="42" sc="9" el="42" ec="10" bec="0" bev="0" fileid="9" />
            </Method>
            <Method visited="true" cyclomaticComplexity="1" sequenceCoverage="0" branchCoverage="0" isConstructor="true" isStatic="false" isGetter="false" isSetter="false">
              <Summary numSequencePoints="0" visitedSequencePoints="0" numBranchPoints="0" visitedBranchPoints="0" sequenceCoverage="0" branchCoverage="0" maxCyclomaticComplexity="1" minCyclomaticComplexity="1" visitedClasses="0" numClasses="0" visitedMethods="0" numMethods="0" />
              <MetadataToken>100663310</MetadataToken>
              <Name>System.Void VideosOnDemandProjectTestsDay1.UsernameTests::.ctor()</Name>
              <SequencePoints />
              <BranchPoints />
              <MethodPoint vc="3" uspid="138" ordinal="0" offset="0" />
            </Method>
          </Methods>
        </Class>
        <Class>
          <Summary numSequencePoints="19" visitedSequencePoints="19" numBranchPoints="3" visitedBranchPoints="3" sequenceCoverage="100" branchCoverage="100" maxCyclomaticComplexity="1" minCyclomaticComplexity="1" visitedClasses="1" numClasses="1" visitedMethods="3" numMethods="3" />
          <FullName>VideosOnDemandProjectTestsDay1.MediaLibraryTests</FullName>
          <Methods>
            <Method visited="true" cyclomaticComplexity="1" sequenceCoverage="100" branchCoverage="100" isConstructor="false" isStatic="false" isGetter="false" isSetter="false">
              <Summary numSequencePoints="5" visitedSequencePoints="5" numBranchPoints="1" visitedBranchPoints="1" sequenceCoverage="100" branchCoverage="100" maxCyclomaticComplexity="1" minCyclomaticComplexity="1" visitedClasses="0" numClasses="0" visitedMethods="1" numMethods="1" />
              <MetadataToken>100663311</MetadataToken>
              <Name>System.Void VideosOnDemandProjectTestsDay1.MediaLibraryTests::Test_SearchForVideo_TheMediaLibraryIsChecked_ReturnsSearchResult()</Name>
              <FileRef uid="10" />
              <SequencePoints>
                <SequencePoint vc="1" uspid="139" ordinal="0" offset="0" sl="14" sc="9" el="14" ec="10" bec="0" bev="0" fileid="10" />
                <SequencePoint vc="1" uspid="140" ordinal="1" offset="1" sl="16" sc="13" el="16" ec="85" bec="0" bev="0" fileid="10" />
                <SequencePoint vc="1" uspid="141" ordinal="2" offset="12" sl="19" sc="13" el="19" ec="62" bec="0" bev="0" fileid="10" />
                <SequencePoint vc="1" uspid="142" ordinal="3" offset="19" sl="22" sc="13" el="22" ec="47" bec="0" bev="0" fileid="10" />
                <SequencePoint vc="1" uspid="143" ordinal="4" offset="32" sl="23" sc="9" el="23" ec="10" bec="0" bev="0" fileid="10" />
              </SequencePoints>
              <BranchPoints />
              <MethodPoint xsi:type="SequencePoint" vc="1" uspid="139" ordinal="0" offset="0" sl="14" sc="9" el="14" ec="10" bec="0" bev="0" fileid="10" />
            </Method>
            <Method visited="true" cyclomaticComplexity="1" sequenceCoverage="100" branchCoverage="100" isConstructor="false" isStatic="false" isGetter="false" isSetter="false">
              <Summary numSequencePoints="6" visitedSequencePoints="6" numBranchPoints="1" visitedBranchPoints="1" sequenceCoverage="100" branchCoverage="100" maxCyclomaticComplexity="1" minCyclomaticComplexity="1" visitedClasses="0" numClasses="0" visitedMethods="1" numMethods="1" />
              <MetadataToken>100663312</MetadataToken>
              <Name>System.Void VideosOnDemandProjectTestsDay1.MediaLibraryTests::Test_SearchForVideos_WithinTheMediaLibraryWhichReadsDatabase_WhenTheMediaLibraryIsChecked()</Name>
              <FileRef uid="10" />
              <SequencePoints>
                <SequencePoint vc="1" uspid="144" ordinal="0" offset="0" sl="27" sc="9" el="27" ec="10" bec="0" bev="0" fileid="10" />
                <SequencePoint vc="1" uspid="145" ordinal="1" offset="1" sl="29" sc="13" el="29" ec="93" bec="0" bev="0" fileid="10" />
                <SequencePoint vc="1" uspid="146" ordinal="2" offset="7" sl="30" sc="13" el="30" ec="86" bec="0" bev="0" fileid="10" />
                <SequencePoint vc="1" uspid="147" ordinal="3" offset="19" sl="33" sc="13" el="33" ec="62" bec="0" bev="0" fileid="10" />
                <SequencePoint vc="1" uspid="148" ordinal="4" offset="26" sl="36" sc="13" el="36" ec="60" bec="0" bev="0" fileid="10" />
                <SequencePoint vc="1" uspid="149" ordinal="5" offset="101" sl="37" sc="9" el="37" ec="10" bec="0" bev="0" fileid="10" />
              </SequencePoints>
              <BranchPoints />
              <MethodPoint xsi:type="SequencePoint" vc="1" uspid="144" ordinal="0" offset="0" sl="27" sc="9" el="27" ec="10" bec="0" bev="0" fileid="10" />
            </Method>
            <Method visited="true" cyclomaticComplexity="1" sequenceCoverage="100" branchCoverage="100" isConstructor="false" isStatic="false" isGetter="false" isSetter="false">
              <Summary numSequencePoints="8" visitedSequencePoints="8" numBranchPoints="1" visitedBranchPoints="1" sequenceCoverage="100" branchCoverage="100" maxCyclomaticComplexity="1" minCyclomaticComplexity="1" visitedClasses="0" numClasses="0" visitedMethods="1" numMethods="1" />
              <MetadataToken>100663313</MetadataToken>
              <Name>System.Void VideosOnDemandProjectTestsDay1.MediaLibraryTests::Test_SearchForVideo_WithinTheMediaLibraryWhichReadsDatabase_ReturnAVideoFromDatabase()</Name>
              <FileRef uid="10" />
              <SequencePoints>
                <SequencePoint vc="1" uspid="150" ordinal="0" offset="0" sl="41" sc="9" el="41" ec="10" bec="0" bev="0" fileid="10" />
                <SequencePoint vc="1" uspid="151" ordinal="1" offset="1" sl="43" sc="13" el="43" ec="93" bec="0" bev="0" fileid="10" />
                <SequencePoint vc="1" uspid="152" ordinal="2" offset="7" sl="44" sc="13" el="44" ec="86" bec="0" bev="0" fileid="10" />
                <SequencePoint vc="1" uspid="153" ordinal="3" offset="19" sl="45" sc="13" el="45" ec="59" bec="0" bev="0" fileid="10" />
                <SequencePoint vc="1" uspid="154" ordinal="4" offset="25" sl="46" sc="13" el="46" ec="82" bec="0" bev="0" fileid="10" />
                <SequencePoint vc="1" uspid="155" ordinal="5" offset="109" sl="49" sc="13" el="49" ec="62" bec="0" bev="0" fileid="10" />
                <SequencePoint vc="1" uspid="156" ordinal="6" offset="116" sl="52" sc="13" el="52" ec="52" bec="0" bev="0" fileid="10" />
                <SequencePoint vc="1" uspid="157" ordinal="7" offset="124" sl="53" sc="9" el="53" ec="10" bec="0" bev="0" fileid="10" />
              </SequencePoints>
              <BranchPoints />
              <MethodPoint xsi:type="SequencePoint" vc="1" uspid="150" ordinal="0" offset="0" sl="41" sc="9" el="41" ec="10" bec="0" bev="0" fileid="10" />
            </Method>
            <Method visited="true" cyclomaticComplexity="1" sequenceCoverage="0" branchCoverage="0" isConstructor="true" isStatic="false" isGetter="false" isSetter="false">
              <Summary numSequencePoints="0" visitedSequencePoints="0" numBranchPoints="0" visitedBranchPoints="0" sequenceCoverage="0" branchCoverage="0" maxCyclomaticComplexity="1" minCyclomaticComplexity="1" visitedClasses="0" numClasses="0" visitedMethods="0" numMethods="0" />
              <MetadataToken>100663314</MetadataToken>
              <Name>System.Void VideosOnDemandProjectTestsDay1.MediaLibraryTests::.ctor()</Name>
              <SequencePoints />
              <BranchPoints />
              <MethodPoint vc="3" uspid="158" ordinal="0" offset="0" />
            </Method>
          </Methods>
        </Class>
        <Class>
          <Summary numSequencePoints="22" visitedSequencePoints="22" numBranchPoints="3" visitedBranchPoints="3" sequenceCoverage="100" branchCoverage="100" maxCyclomaticComplexity="1" minCyclomaticComplexity="1" visitedClasses="1" numClasses="1" visitedMethods="3" numMethods="3" />
          <FullName>VideosOnDemandProjectTestsDay1.MediaPlayerTests</FullName>
          <Methods>
            <Method visited="true" cyclomaticComplexity="1" sequenceCoverage="100" branchCoverage="100" isConstructor="false" isStatic="false" isGetter="false" isSetter="false">
              <Summary numSequencePoints="6" visitedSequencePoints="6" numBranchPoints="1" visitedBranchPoints="1" sequenceCoverage="100" branchCoverage="100" maxCyclomaticComplexity="1" minCyclomaticComplexity="1" visitedClasses="0" numClasses="0" visitedMethods="1" numMethods="1" />
              <MetadataToken>100663315</MetadataToken>
              <Name>System.Void VideosOnDemandProjectTestsDay1.MediaPlayerTests::Test_PlayVideo_FromMediaLibrary_WhenVideoHasBeenSearched()</Name>
              <FileRef uid="11" />
              <SequencePoints>
                <SequencePoint vc="1" uspid="159" ordinal="0" offset="0" sl="14" sc="9" el="14" ec="10" bec="0" bev="0" fileid="11" />
                <SequencePoint vc="1" uspid="160" ordinal="1" offset="1" sl="16" sc="13" el="16" ec="85" bec="0" bev="0" fileid="11" />
                <SequencePoint vc="1" uspid="161" ordinal="2" offset="12" sl="17" sc="13" el="17" ec="69" bec="0" bev="0" fileid="11" />
                <SequencePoint vc="1" uspid="162" ordinal="3" offset="19" sl="20" sc="13" el="20" ec="62" bec="0" bev="0" fileid="11" />
                <SequencePoint vc="1" uspid="163" ordinal="4" offset="26" sl="23" sc="13" el="23" ec="50" bec="0" bev="0" fileid="11" />
                <SequencePoint vc="1" uspid="164" ordinal="5" offset="39" sl="25" sc="9" el="25" ec="10" bec="0" bev="0" fileid="11" />
              </SequencePoints>
              <BranchPoints />
              <MethodPoint xsi:type="SequencePoint" vc="1" uspid="159" ordinal="0" offset="0" sl="14" sc="9" el="14" ec="10" bec="0" bev="0" fileid="11" />
            </Method>
            <Method visited="true" cyclomaticComplexity="1" sequenceCoverage="100" branchCoverage="100" isConstructor="false" isStatic="false" isGetter="false" isSetter="false">
              <Summary numSequencePoints="7" visitedSequencePoints="7" numBranchPoints="1" visitedBranchPoints="1" sequenceCoverage="100" branchCoverage="100" maxCyclomaticComplexity="1" minCyclomaticComplexity="1" visitedClasses="0" numClasses="0" visitedMethods="1" numMethods="1" />
              <MetadataToken>100663316</MetadataToken>
              <Name>System.Void VideosOnDemandProjectTestsDay1.MediaPlayerTests::Test_PlayVideo_FromMediaLibraryOrDatabase()</Name>
              <FileRef uid="11" />
              <SequencePoints>
                <SequencePoint vc="1" uspid="165" ordinal="0" offset="0" sl="29" sc="9" el="29" ec="10" bec="0" bev="0" fileid="11" />
                <SequencePoint vc="1" uspid="166" ordinal="1" offset="1" sl="31" sc="13" el="31" ec="93" bec="0" bev="0" fileid="11" />
                <SequencePoint vc="1" uspid="167" ordinal="2" offset="7" sl="32" sc="13" el="32" ec="86" bec="0" bev="0" fileid="11" />
                <SequencePoint vc="1" uspid="168" ordinal="3" offset="19" sl="33" sc="13" el="33" ec="69" bec="0" bev="0" fileid="11" />
                <SequencePoint vc="1" uspid="169" ordinal="4" offset="26" sl="36" sc="13" el="36" ec="62" bec="0" bev="0" fileid="11" />
                <SequencePoint vc="1" uspid="170" ordinal="5" offset="33" sl="39" sc="13" el="39" ec="60" bec="0" bev="0" fileid="11" />
                <SequencePoint vc="1" uspid="171" ordinal="6" offset="111" sl="41" sc="9" el="41" ec="10" bec="0" bev="0" fileid="11" />
              </SequencePoints>
              <BranchPoints />
              <MethodPoint xsi:type="SequencePoint" vc="1" uspid="165" ordinal="0" offset="0" sl="29" sc="9" el="29" ec="10" bec="0" bev="0" fileid="11" />
            </Method>
            <Method visited="true" cyclomaticComplexity="1" sequenceCoverage="100" branchCoverage="100" isConstructor="false" isStatic="false" isGetter="false" isSetter="false">
              <Summary numSequencePoints="9" visitedSequencePoints="9" numBranchPoints="1" visitedBranchPoints="1" sequenceCoverage="100" branchCoverage="100" maxCyclomaticComplexity="1" minCyclomaticComplexity="1" visitedClasses="0" numClasses="0" visitedMethods="1" numMethods="1" />
              <MetadataToken>100663317</MetadataToken>
              <Name>System.Void VideosOnDemandProjectTestsDay1.MediaPlayerTests::Test_PlayVideo_FromMediaLibraryOrDatabase_ReturnsAVideo()</Name>
              <FileRef uid="11" />
              <SequencePoints>
                <SequencePoint vc="1" uspid="172" ordinal="0" offset="0" sl="45" sc="9" el="45" ec="10" bec="0" bev="0" fileid="11" />
                <SequencePoint vc="1" uspid="173" ordinal="1" offset="1" sl="47" sc="13" el="47" ec="93" bec="0" bev="0" fileid="11" />
                <SequencePoint vc="1" uspid="174" ordinal="2" offset="7" sl="48" sc="13" el="48" ec="86" bec="0" bev="0" fileid="11" />
                <SequencePoint vc="1" uspid="175" ordinal="3" offset="19" sl="49" sc="13" el="49" ec="69" bec="0" bev="0" fileid="11" />
                <SequencePoint vc="1" uspid="176" ordinal="4" offset="26" sl="50" sc="13" el="50" ec="57" bec="0" bev="0" fileid="11" />
                <SequencePoint vc="1" uspid="177" ordinal="5" offset="32" sl="51" sc="13" el="51" ec="80" bec="0" bev="0" fileid="11" />
                <SequencePoint vc="1" uspid="178" ordinal="6" offset="116" sl="53" sc="13" el="53" ec="62" bec="0" bev="0" fileid="11" />
                <SequencePoint vc="1" uspid="179" ordinal="7" offset="124" sl="56" sc="13" el="56" ec="54" bec="0" bev="0" fileid="11" />
                <SequencePoint vc="1" uspid="180" ordinal="8" offset="133" sl="58" sc="9" el="58" ec="10" bec="0" bev="0" fileid="11" />
              </SequencePoints>
              <BranchPoints />
              <MethodPoint xsi:type="SequencePoint" vc="1" uspid="172" ordinal="0" offset="0" sl="45" sc="9" el="45" ec="10" bec="0" bev="0" fileid="11" />
            </Method>
            <Method visited="true" cyclomaticComplexity="1" sequenceCoverage="0" branchCoverage="0" isConstructor="true" isStatic="false" isGetter="false" isSetter="false">
              <Summary numSequencePoints="0" visitedSequencePoints="0" numBranchPoints="0" visitedBranchPoints="0" sequenceCoverage="0" branchCoverage="0" maxCyclomaticComplexity="1" minCyclomaticComplexity="1" visitedClasses="0" numClasses="0" visitedMethods="0" numMethods="0" />
              <MetadataToken>100663318</MetadataToken>
              <Name>System.Void VideosOnDemandProjectTestsDay1.MediaPlayerTests::.ctor()</Name>
              <SequencePoints />
              <BranchPoints />
              <MethodPoint vc="3" uspid="181" ordinal="0" offset="0" />
            </Method>
          </Methods>
        </Class>
      </Classes>
    </Module>
    <Module skippedDueTo="MissingPdb" hash="D6-D2-A1-C9-DD-EF-1E-23-9A-9B-69-17-B0-3A-5A-89-2A-AD-75-30">
      <FullName>C:\Windows\Microsoft.Net\assembly\GAC_MSIL\Microsoft.VisualStudio.QualityTools.ControllerObject\v4.0_12.0.0.0__b03f5f7f11d50a3a\Microsoft.VisualStudio.QualityTools.ControllerObject.dll</FullName>
      <ModuleName>Microsoft.VisualStudio.QualityTools.ControllerObject</ModuleName>
      <Classes />
    </Module>
    <Module skippedDueTo="MissingPdb" hash="87-C9-BA-8D-5D-BC-48-A2-9A-EE-A2-4C-0D-24-85-14-7E-47-C9-50">
      <FullName>C:\Program Files (x86)\Microsoft Visual Studio 12.0\Common7\IDE\PrivateAssemblies\Microsoft.VisualStudio.TeamSystem.Licensing.dll</FullName>
      <ModuleName>Microsoft.VisualStudio.TeamSystem.Licensing</ModuleName>
      <Classes />
    </Module>
    <Module skippedDueTo="MissingPdb" hash="5C-82-3D-6B-CB-03-C8-CD-BF-6F-93-63-77-3D-AB-42-83-8E-5F-E4">
      <FullName>C:\Users\abel.ghebrezadik\Documents\C# Workspace\VideoProject\VideoOnDemandProject\videosondemandprojecttestsday1\bin\debug\Moq.dll</FullName>
      <ModuleName>Moq</ModuleName>
      <Classes />
    </Module>
    <Module skippedDueTo="MissingPdb" hash="40-DF-C1-DD-A4-B1-9F-2E-54-48-25-81-A5-A2-59-19-8D-83-7B-5C">
      <FullName>C:\Users\abel.ghebrezadik\Documents\C# Workspace\VideoProject\VideoOnDemandProject\videosondemandprojecttestsday1\bin\debug\EntityFramework.dll</FullName>
      <ModuleName>EntityFramework</ModuleName>
      <Classes />
    </Module>
    <Module skippedDueTo="Filter" hash="60-C8-FF-7B-E6-2A-F6-A7-F3-18-24-A4-36-6B-13-4B-C6-C4-06-7D">
      <FullName>C:\Windows\Microsoft.Net\assembly\GAC_MSIL\System.Runtime.Serialization\v4.0_4.0.0.0__b77a5c561934e089\System.Runtime.Serialization.dll</FullName>
      <ModuleName>System.Runtime.Serialization</ModuleName>
      <Classes />
    </Module>
    <Module skippedDueTo="Filter" hash="71-83-0E-91-DD-BF-F2-47-0D-09-4B-ED-AC-0D-81-90-FF-F3-A6-14">
      <FullName>C:\Windows\Microsoft.Net\assembly\GAC_MSIL\System.ComponentModel.DataAnnotations\v4.0_4.0.0.0__31bf3856ad364e35\System.ComponentModel.DataAnnotations.dll</FullName>
      <ModuleName>System.ComponentModel.DataAnnotations</ModuleName>
      <Classes />
    </Module>
    <Module skippedDueTo="Filter" hash="73-40-A6-9D-16-C6-DF-C1-8A-0D-DF-A3-12-EB-64-2A-78-45-DE-64">
      <FullName>C:\Windows\Microsoft.Net\assembly\GAC_32\System.Transactions\v4.0_4.0.0.0__b77a5c561934e089\System.Transactions.dll</FullName>
      <ModuleName>System.Transactions</ModuleName>
      <Classes />
    </Module>
    <Module skippedDueTo="Filter" hash="C4-D3-3B-C9-10-33-92-27-DC-BE-0A-DC-E7-CF-76-6A-A0-54-23-D8">
      <FullName>C:\Windows\Microsoft.Net\assembly\GAC_MSIL\System.Xml.Linq\v4.0_4.0.0.0__b77a5c561934e089\System.Xml.Linq.dll</FullName>
      <ModuleName>System.Xml.Linq</ModuleName>
      <Classes />
    </Module>
    <Module skippedDueTo="MissingPdb" hash="A5-A7-20-12-87-C4-5A-E5-08-10-C1-D7-7B-B5-AB-F9-0F-A6-71-CD">
      <FullName>C:\Windows\Microsoft.Net\assembly\GAC_MSIL\Microsoft.CSharp\v4.0_4.0.0.0__b03f5f7f11d50a3a\Microsoft.CSharp.dll</FullName>
      <ModuleName>Microsoft.CSharp</ModuleName>
      <Classes />
    </Module>
    <Module hash="8B-31-B0-F7-76-ED-76-4E-B4-3F-C4-52-B7-50-FE-21-D9-29-A8-04">
      <Summary numSequencePoints="23" visitedSequencePoints="14" numBranchPoints="5" visitedBranchPoints="3" sequenceCoverage="60.87" branchCoverage="60" maxCyclomaticComplexity="1" minCyclomaticComplexity="1" visitedClasses="3" numClasses="4" visitedMethods="3" numMethods="5" />
      <FullName>C:\Users\abel.ghebrezadik\Documents\C# Workspace\VideoProject\VideoOnDemandProject\videosondemandprojecttestsday1\bin\debug\VideosOnDemandEntityDatabase.dll</FullName>
      <ModuleName>VideosOnDemandEntityDatabase</ModuleName>
      <Files>
        <File uid="23" fullPath="c:\Users\abel.ghebrezadik\Documents\C# Workspace\VideoProject\VideoOnDemandProject\VideosOnDemandEntityDatabase\film.cs" />
        <File uid="24" fullPath="c:\Users\abel.ghebrezadik\Documents\C# Workspace\VideoProject\VideoOnDemandProject\VideosOnDemandEntityDatabase\genre.cs" />
        <File uid="25" fullPath="c:\Users\abel.ghebrezadik\Documents\C# Workspace\VideoProject\VideoOnDemandProject\VideosOnDemandEntityDatabase\television.cs" />
        <File uid="26" fullPath="c:\Users\abel.ghebrezadik\Documents\C# Workspace\VideoProject\VideoOnDemandProject\VideosOnDemandEntityDatabase\VideosOnDemandED.Context.cs" />
      </Files>
      <Classes>
        <Class>
          <Summary numSequencePoints="0" visitedSequencePoints="0" numBranchPoints="0" visitedBranchPoints="0" sequenceCoverage="0" branchCoverage="0" maxCyclomaticComplexity="0" minCyclomaticComplexity="0" visitedClasses="0" numClasses="0" visitedMethods="0" numMethods="0" />
          <FullName>&lt;Module&gt;</FullName>
          <Methods />
        </Class>
        <Class>
          <Summary numSequencePoints="0" visitedSequencePoints="0" numBranchPoints="0" visitedBranchPoints="0" sequenceCoverage="0" branchCoverage="0" maxCyclomaticComplexity="1" minCyclomaticComplexity="1" visitedClasses="0" numClasses="0" visitedMethods="0" numMethods="0" />
          <FullName>VideosOnDemandEntityDatabase.actor</FullName>
          <Methods>
            <Method visited="false" cyclomaticComplexity="1" sequenceCoverage="0" branchCoverage="0" isConstructor="false" isStatic="false" isGetter="true" isSetter="false">
              <Summary numSequencePoints="0" visitedSequencePoints="0" numBranchPoints="0" visitedBranchPoints="0" sequenceCoverage="0" branchCoverage="0" maxCyclomaticComplexity="1" minCyclomaticComplexity="1" visitedClasses="0" numClasses="0" visitedMethods="0" numMethods="0" />
              <MetadataToken>100663297</MetadataToken>
              <Name>System.Int32 VideosOnDemandEntityDatabase.actor::get_id()</Name>
              <SequencePoints />
              <BranchPoints />
              <MethodPoint vc="0" uspid="182" ordinal="0" offset="0" />
            </Method>
            <Method visited="false" cyclomaticComplexity="1" sequenceCoverage="0" branchCoverage="0" isConstructor="false" isStatic="false" isGetter="false" isSetter="true">
              <Summary numSequencePoints="0" visitedSequencePoints="0" numBranchPoints="0" visitedBranchPoints="0" sequenceCoverage="0" branchCoverage="0" maxCyclomaticComplexity="1" minCyclomaticComplexity="1" visitedClasses="0" numClasses="0" visitedMethods="0" numMethods="0" />
              <MetadataToken>100663298</MetadataToken>
              <Name>System.Void VideosOnDemandEntityDatabase.actor::set_id(System.Int32)</Name>
              <SequencePoints />
              <BranchPoints />
              <MethodPoint vc="0" uspid="183" ordinal="0" offset="0" />
            </Method>
            <Method visited="false" cyclomaticComplexity="1" sequenceCoverage="0" branchCoverage="0" isConstructor="false" isStatic="false" isGetter="true" isSetter="false">
              <Summary numSequencePoints="0" visitedSequencePoints="0" numBranchPoints="0" visitedBranchPoints="0" sequenceCoverage="0" branchCoverage="0" maxCyclomaticComplexity="1" minCyclomaticComplexity="1" visitedClasses="0" numClasses="0" visitedMethods="0" numMethods="0" />
              <MetadataToken>100663299</MetadataToken>
              <Name>System.String VideosOnDemandEntityDatabase.actor::get_first_name()</Name>
              <SequencePoints />
              <BranchPoints />
              <MethodPoint vc="0" uspid="184" ordinal="0" offset="0" />
            </Method>
            <Method visited="false" cyclomaticComplexity="1" sequenceCoverage="0" branchCoverage="0" isConstructor="false" isStatic="false" isGetter="false" isSetter="true">
              <Summary numSequencePoints="0" visitedSequencePoints="0" numBranchPoints="0" visitedBranchPoints="0" sequenceCoverage="0" branchCoverage="0" maxCyclomaticComplexity="1" minCyclomaticComplexity="1" visitedClasses="0" numClasses="0" visitedMethods="0" numMethods="0" />
              <MetadataToken>100663300</MetadataToken>
              <Name>System.Void VideosOnDemandEntityDatabase.actor::set_first_name(System.String)</Name>
              <SequencePoints />
              <BranchPoints />
              <MethodPoint vc="0" uspid="185" ordinal="0" offset="0" />
            </Method>
            <Method visited="false" cyclomaticComplexity="1" sequenceCoverage="0" branchCoverage="0" isConstructor="false" isStatic="false" isGetter="true" isSetter="false">
              <Summary numSequencePoints="0" visitedSequencePoints="0" numBranchPoints="0" visitedBranchPoints="0" sequenceCoverage="0" branchCoverage="0" maxCyclomaticComplexity="1" minCyclomaticComplexity="1" visitedClasses="0" numClasses="0" visitedMethods="0" numMethods="0" />
              <MetadataToken>100663301</MetadataToken>
              <Name>System.String VideosOnDemandEntityDatabase.actor::get_last_name()</Name>
              <SequencePoints />
              <BranchPoints />
              <MethodPoint vc="0" uspid="186" ordinal="0" offset="0" />
            </Method>
            <Method visited="false" cyclomaticComplexity="1" sequenceCoverage="0" branchCoverage="0" isConstructor="false" isStatic="false" isGetter="false" isSetter="true">
              <Summary numSequencePoints="0" visitedSequencePoints="0" numBranchPoints="0" visitedBranchPoints="0" sequenceCoverage="0" branchCoverage="0" maxCyclomaticComplexity="1" minCyclomaticComplexity="1" visitedClasses="0" numClasses="0" visitedMethods="0" numMethods="0" />
              <MetadataToken>100663302</MetadataToken>
              <Name>System.Void VideosOnDemandEntityDatabase.actor::set_last_name(System.String)</Name>
              <SequencePoints />
              <BranchPoints />
              <MethodPoint vc="0" uspid="187" ordinal="0" offset="0" />
            </Method>
            <Method visited="false" cyclomaticComplexity="1" sequenceCoverage="0" branchCoverage="0" isConstructor="false" isStatic="false" isGetter="true" isSetter="false">
              <Summary numSequencePoints="0" visitedSequencePoints="0" numBranchPoints="0" visitedBranchPoints="0" sequenceCoverage="0" branchCoverage="0" maxCyclomaticComplexity="1" minCyclomaticComplexity="1" visitedClasses="0" numClasses="0" visitedMethods="0" numMethods="0" />
              <MetadataToken>100663303</MetadataToken>
              <Name>System.String VideosOnDemandEntityDatabase.actor::get_gender()</Name>
              <SequencePoints />
              <BranchPoints />
              <MethodPoint vc="0" uspid="188" ordinal="0" offset="0" />
            </Method>
            <Method visited="false" cyclomaticComplexity="1" sequenceCoverage="0" branchCoverage="0" isConstructor="false" isStatic="false" isGetter="false" isSetter="true">
              <Summary numSequencePoints="0" visitedSequencePoints="0" numBranchPoints="0" visitedBranchPoints="0" sequenceCoverage="0" branchCoverage="0" maxCyclomaticComplexity="1" minCyclomaticComplexity="1" visitedClasses="0" numClasses="0" visitedMethods="0" numMethods="0" />
              <MetadataToken>100663304</MetadataToken>
              <Name>System.Void VideosOnDemandEntityDatabase.actor::set_gender(System.String)</Name>
              <SequencePoints />
              <BranchPoints />
              <MethodPoint vc="0" uspid="189" ordinal="0" offset="0" />
            </Method>
            <Method visited="false" cyclomaticComplexity="1" sequenceCoverage="0" branchCoverage="0" isConstructor="false" isStatic="false" isGetter="true" isSetter="false">
              <Summary numSequencePoints="0" visitedSequencePoints="0" numBranchPoints="0" visitedBranchPoints="0" sequenceCoverage="0" branchCoverage="0" maxCyclomaticComplexity="1" minCyclomaticComplexity="1" visitedClasses="0" numClasses="0" visitedMethods="0" numMethods="0" />
              <MetadataToken>100663305</MetadataToken>
              <Name>System.Nullable`1&lt;System.Int32&gt; VideosOnDemandEntityDatabase.actor::get_fk_film_id()</Name>
              <SequencePoints />
              <BranchPoints />
[...]
                <SequencePoint vc="1" uspid="380" ordinal="7" offset="58" sl="23" sc="18" el="23" ec="62" bec="4" bev="2" fileid="36" />
                <SequencePoint vc="1" uspid="381" ordinal="8" offset="80" sl="24" sc="13" el="24" ec="14" bec="0" bev="0" fileid="36" />
                <SequencePoint vc="1" uspid="382" ordinal="9" offset="81" sl="25" sc="17" el="25" ec="29" bec="0" bev="0" fileid="36" />
                <SequencePoint vc="0" uspid="383" ordinal="10" offset="85" sl="28" sc="13" el="28" ec="14" bec="0" bev="0" fileid="36" />
                <SequencePoint vc="0" uspid="384" ordinal="11" offset="86" sl="29" sc="17" el="29" ec="30" bec="0" bev="0" fileid="36" />
                <SequencePoint vc="3" uspid="385" ordinal="12" offset="90" sl="32" sc="9" el="32" ec="10" bec="0" bev="0" fileid="36" />
              </SequencePoints>
              <BranchPoints>
                <BranchPoint vc="1" uspid="386" ordinal="0" offset="12" sl="15" path="0" offsetend="14" fileid="36" />
                <BranchPoint vc="2" uspid="387" ordinal="1" offset="12" sl="15" path="1" offsetend="17" fileid="36" />
                <BranchPoint vc="1" uspid="388" ordinal="2" offset="21" sl="15" path="0" offsetend="23" fileid="36" />
                <BranchPoint vc="2" uspid="389" ordinal="3" offset="21" sl="15" path="1" offsetend="28" fileid="36" />
                <BranchPoint vc="2" uspid="390" ordinal="4" offset="39" sl="19" path="0" offsetend="41" fileid="36" />
                <BranchPoint vc="0" uspid="391" ordinal="5" offset="39" sl="19" path="1" offsetend="47" fileid="36" />
                <BranchPoint vc="1" uspid="392" ordinal="6" offset="51" sl="19" path="0" offsetend="53" fileid="36" />
                <BranchPoint vc="1" uspid="393" ordinal="7" offset="51" sl="19" path="1" offsetend="58" fileid="36" />
                <BranchPoint vc="1" uspid="394" ordinal="8" offset="69" sl="23" path="0" offsetend="71" fileid="36" />
                <BranchPoint vc="0" uspid="395" ordinal="9" offset="69" sl="23" path="1" offsetend="74" fileid="36" />
                <BranchPoint vc="1" uspid="396" ordinal="10" offset="78" sl="23" path="0" offsetend="80" fileid="36" />
                <BranchPoint vc="0" uspid="397" ordinal="11" offset="78" sl="23" path="1" offsetend="85" fileid="36" />
              </BranchPoints>
              <MethodPoint xsi:type="SequencePoint" vc="3" uspid="373" ordinal="0" offset="0" sl="13" sc="9" el="13" ec="10" bec="0" bev="0" fileid="36" />
            </Method>
            <Method visited="true" cyclomaticComplexity="1" sequenceCoverage="100" branchCoverage="100" isConstructor="true" isStatic="false" isGetter="false" isSetter="false">
              <Summary numSequencePoints="1" visitedSequencePoints="1" numBranchPoints="1" visitedBranchPoints="1" sequenceCoverage="100" branchCoverage="100" maxCyclomaticComplexity="1" minCyclomaticComplexity="1" visitedClasses="0" numClasses="0" visitedMethods="1" numMethods="1" />
              <MetadataToken>100663317</MetadataToken>
              <Name>System.Void VideoOnDemandProjectDay1.Username::.ctor()</Name>
              <FileRef uid="36" />
              <SequencePoints>
                <SequencePoint vc="3" uspid="398" ordinal="0" offset="0" sl="11" sc="9" el="11" ec="36" bec="0" bev="0" fileid="36" />
              </SequencePoints>
              <BranchPoints />
              <MethodPoint xsi:type="SequencePoint" vc="3" uspid="398" ordinal="0" offset="0" sl="11" sc="9" el="11" ec="36" bec="0" bev="0" fileid="36" />
            </Method>
          </Methods>
        </Class>
        <Class>
          <Summary numSequencePoints="21" visitedSequencePoints="13" numBranchPoints="5" visitedBranchPoints="3" sequenceCoverage="61.90" branchCoverage="60" maxCyclomaticComplexity="1" minCyclomaticComplexity="1" visitedClasses="1" numClasses="1" visitedMethods="3" numMethods="5" />
          <FullName>VideoOnDemandProjectDay1.UsernameRepository</FullName>
          <Methods>
            <Method visited="true" cyclomaticComplexity="1" sequenceCoverage="100" branchCoverage="100" isConstructor="true" isStatic="false" isGetter="false" isSetter="false">
              <Summary numSequencePoints="4" visitedSequencePoints="4" numBranchPoints="1" visitedBranchPoints="1" sequenceCoverage="100" branchCoverage="100" maxCyclomaticComplexity="1" minCyclomaticComplexity="1" visitedClasses="0" numClasses="0" visitedMethods="1" numMethods="1" />
              <MetadataToken>100663318</MetadataToken>
              <Name>System.Void VideoOnDemandProjectDay1.UsernameRepository::.ctor(VideosOnDemandEntityDatabase.videosOnDemandEntities)</Name>
              <FileRef uid="37" />
              <SequencePoints>
                <SequencePoint vc="4" uspid="399" ordinal="0" offset="0" sl="14" sc="9" el="14" ec="66" bec="0" bev="0" fileid="37" />
                <SequencePoint vc="4" uspid="400" ordinal="1" offset="7" sl="15" sc="9" el="15" ec="10" bec="0" bev="0" fileid="37" />
                <SequencePoint vc="4" uspid="401" ordinal="2" offset="8" sl="16" sc="13" el="16" ec="32" bec="0" bev="0" fileid="37" />
                <SequencePoint vc="4" uspid="402" ordinal="3" offset="15" sl="17" sc="9" el="17" ec="10" bec="0" bev="0" fileid="37" />
              </SequencePoints>
              <BranchPoints />
              <MethodPoint xsi:type="SequencePoint" vc="4" uspid="399" ordinal="0" offset="0" sl="14" sc="9" el="14" ec="66" bec="0" bev="0" fileid="37" />
            </Method>
            <Method visited="true" cyclomaticComplexity="1" sequenceCoverage="100" branchCoverage="100" isConstructor="false" isStatic="false" isGetter="false" isSetter="false">
              <Summary numSequencePoints="5" visitedSequencePoints="5" numBranchPoints="1" visitedBranchPoints="1" sequenceCoverage="100" branchCoverage="100" maxCyclomaticComplexity="1" minCyclomaticComplexity="1" visitedClasses="0" numClasses="0" visitedMethods="1" numMethods="1" />
              <MetadataToken>100663319</MetadataToken>
              <Name>VideosOnDemandEntityDatabase.username VideoOnDemandProjectDay1.UsernameRepository::AddUser(System.String,System.String)</Name>
              <FileRef uid="37" />
              <SequencePoints>
                <SequencePoint vc="2" uspid="403" ordinal="0" offset="0" sl="20" sc="9" el="20" ec="10" bec="0" bev="0" fileid="37" />
                <SequencePoint vc="2" uspid="404" ordinal="1" offset="1" sl="21" sc="13" el="21" ec="126" bec="0" bev="0" fileid="37" />
                <SequencePoint vc="2" uspid="405" ordinal="2" offset="45" sl="22" sc="13" el="22" ec="36" bec="0" bev="0" fileid="37" />
                <SequencePoint vc="2" uspid="406" ordinal="3" offset="57" sl="24" sc="13" el="24" ec="29" bec="0" bev="0" fileid="37" />
                <SequencePoint vc="2" uspid="407" ordinal="4" offset="61" sl="25" sc="9" el="25" ec="10" bec="0" bev="0" fileid="37" />
              </SequencePoints>
              <BranchPoints />
              <MethodPoint xsi:type="SequencePoint" vc="2" uspid="403" ordinal="0" offset="0" sl="20" sc="9" el="20" ec="10" bec="0" bev="0" fileid="37" />
            </Method>
            <Method visited="false" cyclomaticComplexity="1" sequenceCoverage="0" branchCoverage="0" isConstructor="false" isStatic="false" isGetter="false" isSetter="false">
              <Summary numSequencePoints="4" visitedSequencePoints="0" numBranchPoints="1" visitedBranchPoints="0" sequenceCoverage="0" branchCoverage="0" maxCyclomaticComplexity="1" minCyclomaticComplexity="1" visitedClasses="0" numClasses="0" visitedMethods="0" numMethods="1" />
              <MetadataToken>100663320</MetadataToken>
              <Name>System.Collections.Generic.List`1&lt;VideosOnDemandEntityDatabase.username&gt; VideoOnDemandProjectDay1.UsernameRepository::GetAListOfOneUsernamesSubscribed()</Name>
              <FileRef uid="37" />
              <SequencePoints>
                <SequencePoint vc="0" uspid="408" ordinal="0" offset="0" sl="28" sc="9" el="28" ec="10" bec="0" bev="0" fileid="37" />
                <SequencePoint vc="0" uspid="409" ordinal="1" offset="1" sl="29" sc="13" el="31" ec="34" bec="0" bev="0" fileid="37" />
                <SequencePoint vc="0" uspid="410" ordinal="2" offset="118" sl="32" sc="13" el="32" ec="35" bec="0" bev="0" fileid="37" />
                <SequencePoint vc="0" uspid="411" ordinal="3" offset="127" sl="33" sc="9" el="33" ec="10" bec="0" bev="0" fileid="37" />
              </SequencePoints>
              <BranchPoints />
              <MethodPoint xsi:type="SequencePoint" vc="0" uspid="408" ordinal="0" offset="0" sl="28" sc="9" el="28" ec="10" bec="0" bev="0" fileid="37" />
            </Method>
            <Method visited="false" cyclomaticComplexity="1" sequenceCoverage="0" branchCoverage="0" isConstructor="false" isStatic="false" isGetter="false" isSetter="false">
              <Summary numSequencePoints="4" visitedSequencePoints="0" numBranchPoints="1" visitedBranchPoints="0" sequenceCoverage="0" branchCoverage="0" maxCyclomaticComplexity="1" minCyclomaticComplexity="1" visitedClasses="0" numClasses="0" visitedMethods="0" numMethods="1" />
              <MetadataToken>100663321</MetadataToken>
              <Name>System.Collections.Generic.List`1&lt;VideosOnDemandEntityDatabase.username&gt; VideoOnDemandProjectDay1.UsernameRepository::GetAListOfOneUsernamesNotSubscribed()</Name>
              <FileRef uid="37" />
              <SequencePoints>
                <SequencePoint vc="0" uspid="412" ordinal="0" offset="0" sl="36" sc="9" el="36" ec="10" bec="0" bev="0" fileid="37" />
                <SequencePoint vc="0" uspid="413" ordinal="1" offset="1" sl="37" sc="13" el="39" ec="34" bec="0" bev="0" fileid="37" />
                <SequencePoint vc="0" uspid="414" ordinal="2" offset="118" sl="40" sc="13" el="40" ec="35" bec="0" bev="0" fileid="37" />
                <SequencePoint vc="0" uspid="415" ordinal="3" offset="127" sl="41" sc="9" el="41" ec="10" bec="0" bev="0" fileid="37" />
              </SequencePoints>
              <BranchPoints />
              <MethodPoint xsi:type="SequencePoint" vc="0" uspid="412" ordinal="0" offset="0" sl="36" sc="9" el="36" ec="10" bec="0" bev="0" fileid="37" />
            </Method>
            <Method visited="true" cyclomaticComplexity="1" sequenceCoverage="100" branchCoverage="100" isConstructor="false" isStatic="false" isGetter="false" isSetter="false">
              <Summary numSequencePoints="4" visitedSequencePoints="4" numBranchPoints="1" visitedBranchPoints="1" sequenceCoverage="100" branchCoverage="100" maxCyclomaticComplexity="1" minCyclomaticComplexity="1" visitedClasses="0" numClasses="0" visitedMethods="1" numMethods="1" />
              <MetadataToken>100663322</MetadataToken>
              <Name>System.Void VideoOnDemandProjectDay1.UsernameRepository::DeleteUser(System.String)</Name>
              <FileRef uid="37" />
              <SequencePoints>
                <SequencePoint vc="2" uspid="416" ordinal="0" offset="0" sl="44" sc="9" el="44" ec="10" bec="0" bev="0" fileid="37" />
                <SequencePoint vc="2" uspid="417" ordinal="1" offset="1" sl="46" sc="13" el="46" ec="87" bec="0" bev="0" fileid="37" />
                <SequencePoint vc="2" uspid="418" ordinal="2" offset="118" sl="47" sc="13" el="47" ec="36" bec="0" bev="0" fileid="37" />
                <SequencePoint vc="2" uspid="419" ordinal="3" offset="130" sl="49" sc="9" el="49" ec="10" bec="0" bev="0" fileid="37" />
              </SequencePoints>
              <BranchPoints />
              <MethodPoint xsi:type="SequencePoint" vc="2" uspid="416" ordinal="0" offset="0" sl="44" sc="9" el="44" ec="10" bec="0" bev="0" fileid="37" />
            </Method>
          </Methods>
        </Class>
        <Class>
          <Summary numSequencePoints="8" visitedSequencePoints="8" numBranchPoints="2" visitedBranchPoints="2" sequenceCoverage="100" branchCoverage="100" maxCyclomaticComplexity="1" minCyclomaticComplexity="1" visitedClasses="1" numClasses="1" visitedMethods="2" numMethods="2" />
          <FullName>VideoOnDemandProjectDay1.TelevisionRepository</FullName>
          <Methods>
            <Method visited="true" cyclomaticComplexity="1" sequenceCoverage="100" branchCoverage="100" isConstructor="true" isStatic="false" isGetter="false" isSetter="false">
              <Summary numSequencePoints="4" visitedSequencePoints="4" numBranchPoints="1" visitedBranchPoints="1" sequenceCoverage="100" branchCoverage="100" maxCyclomaticComplexity="1" minCyclomaticComplexity="1" visitedClasses="0" numClasses="0" visitedMethods="1" numMethods="1" />
              <MetadataToken>100663323</MetadataToken>
              <Name>System.Void VideoOnDemandProjectDay1.TelevisionRepository::.ctor(VideosOnDemandEntityDatabase.videosOnDemandEntities)</Name>
              <FileRef uid="38" />
              <SequencePoints>
                <SequencePoint vc="2" uspid="420" ordinal="0" offset="0" sl="14" sc="9" el="14" ec="68" bec="0" bev="0" fileid="38" />
                <SequencePoint vc="2" uspid="421" ordinal="1" offset="7" sl="15" sc="9" el="15" ec="10" bec="0" bev="0" fileid="38" />
                <SequencePoint vc="2" uspid="422" ordinal="2" offset="8" sl="16" sc="13" el="16" ec="32" bec="0" bev="0" fileid="38" />
                <SequencePoint vc="2" uspid="423" ordinal="3" offset="15" sl="17" sc="9" el="17" ec="10" bec="0" bev="0" fileid="38" />
              </SequencePoints>
              <BranchPoints />
              <MethodPoint xsi:type="SequencePoint" vc="2" uspid="420" ordinal="0" offset="0" sl="14" sc="9" el="14" ec="68" bec="0" bev="0" fileid="38" />
            </Method>
            <Method visited="true" cyclomaticComplexity="1" sequenceCoverage="100" branchCoverage="100" isConstructor="false" isStatic="false" isGetter="false" isSetter="false">
              <Summary numSequencePoints="4" visitedSequencePoints="4" numBranchPoints="1" visitedBranchPoints="1" sequenceCoverage="100" branchCoverage="100" maxCyclomaticComplexity="1" minCyclomaticComplexity="1" visitedClasses="0" numClasses="0" visitedMethods="1" numMethods="1" />
              <MetadataToken>100663324</MetadataToken>
              <Name>System.Collections.Generic.List`1&lt;VideosOnDemandEntityDatabase.television&gt; VideoOnDemandProjectDay1.TelevisionRepository::GetAllTelevisionShows()</Name>
              <FileRef uid="38" />
              <SequencePoints>
                <SequencePoint vc="2" uspid="424" ordinal="0" offset="0" sl="20" sc="9" el="20" ec="10" bec="0" bev="0" fileid="38" />
                <SequencePoint vc="2" uspid="425" ordinal="1" offset="1" sl="21" sc="13" el="23" ec="36" bec="0" bev="0" fileid="38" />
                <SequencePoint vc="2" uspid="426" ordinal="2" offset="57" sl="24" sc="13" el="24" ec="35" bec="0" bev="0" fileid="38" />
                <SequencePoint vc="2" uspid="427" ordinal="3" offset="66" sl="25" sc="9" el="25" ec="10" bec="0" bev="0" fileid="38" />
              </SequencePoints>
              <BranchPoints />
              <MethodPoint xsi:type="SequencePoint" vc="2" uspid="424" ordinal="0" offset="0" sl="20" sc="9" el="20" ec="10" bec="0" bev="0" fileid="38" />
            </Method>
          </Methods>
        </Class>
      </Classes>
    </Module>
    <Module skippedDueTo="MissingPdb" hash="F6-FA-62-5C-D8-E1-47-88-77-60-0F-FE-B7-9A-5D-35-04-9B-C8-18">
      <FullName>C:\Users\abel.ghebrezadik\Documents\C# Workspace\VideoProject\VideoOnDemandProject\videosondemandprojecttestsday1\bin\debug\log4net.dll</FullName>
      <ModuleName>log4net</ModuleName>
      <Classes />
    </Module>
    <Module skippedDueTo="MissingPdb" hash="65-84-09-3F-3D-4A-20-11-0F-F8-41-12-52-55-82-3D-5F-C7-91-15">
      <FullName>C:\Windows\assembly\GAC_MSIL\Microsoft.VisualStudio.QualityTools.AgentProcessManager\12.0.0.0__b03f5f7f11d50a3a\Microsoft.VisualStudio.QualityTools.AgentProcessManager.dll</FullName>
      <ModuleName>Microsoft.VisualStudio.QualityTools.AgentProcessManager</ModuleName>
      <Classes />
    </Module>
    <Module skippedDueTo="MissingPdb" hash="BF-6C-85-48-0A-74-60-89-2C-DB-0A-4D-BF-E3-85-68-0D-08-CD-10">
      <FullName>C:\Windows\assembly\GAC_MSIL\Microsoft.VisualStudio.QualityTools.DataCollectionAgentObject\12.0.0.0__b03f5f7f11d50a3a\Microsoft.VisualStudio.QualityTools.DataCollectionAgentObject.dll</FullName>
      <ModuleName>Microsoft.VisualStudio.QualityTools.DataCollectionAgentObject</ModuleName>
      <Classes />
    </Module>
    <Module skippedDueTo="MissingPdb" hash="C2-C1-8F-47-58-BB-5C-12-6A-16-A6-86-AB-70-8D-11-49-3A-AA-64">
      <FullName>C:\Windows\assembly\GAC_MSIL\Microsoft.VisualStudio.QualityTools.AgentObject\12.0.0.0__b03f5f7f11d50a3a\Microsoft.VisualStudio.QualityTools.AgentObject.dll</FullName>
      <ModuleName>Microsoft.VisualStudio.QualityTools.AgentObject</ModuleName>
      <Classes />
    </Module>
    <Module skippedDueTo="MissingPdb" hash="DC-BB-C1-4C-4A-D0-77-C4-51-72-1D-4B-6E-68-F2-31-AA-61-44-D3">
      <FullName>C:\Program Files (x86)\Microsoft Visual Studio 12.0\Common7\IDE\PrivateAssemblies\DataCollectors\Microsoft.VisualStudio.PerformanceTools.DataCollection.dll</FullName>
      <ModuleName>Microsoft.VisualStudio.PerformanceTools.DataCollection</ModuleName>
      <Classes />
    </Module>
    <Module skippedDueTo="MissingPdb" hash="5D-4B-76-CA-B8-70-4D-26-A3-95-E9-EB-A9-4B-C4-42-8D-66-57-63">
      <FullName>C:\Windows\assembly\GAC_MSIL\Microsoft.VisualStudio.QualityTools.Tips.UnitTest.Adapter\12.0.0.0__b03f5f7f11d50a3a\Microsoft.VisualStudio.QualityTools.Tips.UnitTest.Adapter.dll</FullName>
      <ModuleName>Microsoft.VisualStudio.QualityTools.Tips.UnitTest.Adapter</ModuleName>
      <Classes />
    </Module>
    <Module skippedDueTo="MissingPdb" hash="CC-AD-CE-97-BB-09-2E-35-3A-97-80-5F-28-9B-D3-1D-A6-28-CC-2D">
      <FullName>C:\Program Files (x86)\Microsoft Visual Studio 12.0\Common7\IDE\PrivateAssemblies\DataCollectors\Microsoft.VisualStudio.PerformanceTools.DataCollection.Editor.dll</FullName>
      <ModuleName>Microsoft.VisualStudio.PerformanceTools.DataCollection.Editor</ModuleName>
      <Classes />
    </Module>
    <Module skippedDueTo="Filter" hash="8F-62-B4-14-21-CF-C8-F6-52-4B-B9-60-24-2C-44-65-02-24-EC-5A">
      <FullName>C:\Windows\Microsoft.Net\assembly\GAC_MSIL\System.Windows.Forms\v4.0_4.0.0.0__b77a5c561934e089\System.Windows.Forms.dll</FullName>
      <ModuleName>System.Windows.Forms</ModuleName>
      <Classes />
    </Module>
    <Module skippedDueTo="Filter" hash="01-51-20-E0-0E-42-28-87-DB-68-07-64-21-3F-DF-47-B4-77-2B-D6">
      <FullName>C:\Windows\Microsoft.Net\assembly\GAC_MSIL\System.Drawing\v4.0_4.0.0.0__b03f5f7f11d50a3a\System.Drawing.dll</FullName>
      <ModuleName>System.Drawing</ModuleName>
      <Classes />
    </Module>
    <Module skippedDueTo="MissingPdb" hash="95-F5-F0-2B-4A-8F-27-1C-6E-72-F8-87-27-0D-53-FB-B2-6C-9E-79">
      <FullName>C:\Program Files (x86)\Microsoft Visual Studio 12.0\Common7\IDE\PrivateAssemblies\DataCollectors\VSPerfControl.Interop.dll</FullName>
      <ModuleName>VSPerfControl.Interop</ModuleName>
      <Classes />
    </Module>
    <Module skippedDueTo="MissingPdb" hash="">
      <FullName>RefEmit_InMemoryManifestModule</FullName>
      <ModuleName>DynamicProxyGenAssembly2</ModuleName>
      <Classes />
    </Module>
    <Module skippedDueTo="MissingPdb" hash="C1-D0-99-3B-83-3A-C2-91-9A-B1-F9-49-60-89-D8-84-7E-46-FC-45">
      <FullName>C:\Program Files (x86)\Microsoft Visual Studio 12.0\Common7\IDE\EntityFramework.SqlServer.dll</FullName>
      <ModuleName>EntityFramework.SqlServer</ModuleName>
      <Classes />
    </Module>
  </Modules>
</CoverageSession>